TN:
SF:/Users/bryannissen/Projects/Personal/project-timesheet/mocha.conf.js
FNF:0
FNH:0
DA:4,1
DA:6,1
DA:9,1
DA:10,1
DA:11,1
DA:14,1
DA:17,1
DA:18,1
DA:19,1
LF:9
LH:9
BRF:0
BRH:0
end_of_record
TN:
SF:/Users/bryannissen/Projects/Personal/project-timesheet/server/api/thing/index.js
FNF:0
FNH:0
DA:3,2
DA:4,2
DA:6,2
DA:8,2
DA:9,2
DA:10,2
DA:11,2
DA:12,2
DA:13,2
DA:15,2
LF:10
LH:10
BRF:0
BRH:0
end_of_record
TN:
SF:/Users/bryannissen/Projects/Personal/project-timesheet/server/api/thing/thing.controller.js
FN:15,handleError
FN:17,(anonymous_2)
FN:22,responseWithResult
FN:24,(anonymous_4)
FN:31,handleEntityNotFound
FN:32,(anonymous_6)
FN:41,saveUpdates
FN:42,(anonymous_8)
FN:44,(anonymous_9)
FN:50,removeEntity
FN:51,(anonymous_11)
FN:53,(anonymous_12)
FN:61,(anonymous_13)
FN:66,(anonymous_14)
FN:71,(anonymous_15)
FN:76,(anonymous_16)
FN:84,(anonymous_17)
FNF:17
FNH:0
FNDA:0,handleError
FNDA:0,(anonymous_2)
FNDA:0,responseWithResult
FNDA:0,(anonymous_4)
FNDA:0,handleEntityNotFound
FNDA:0,(anonymous_6)
FNDA:0,saveUpdates
FNDA:0,(anonymous_8)
FNDA:0,(anonymous_9)
FNDA:0,removeEntity
FNDA:0,(anonymous_11)
FNDA:0,(anonymous_12)
FNDA:0,(anonymous_13)
FNDA:0,(anonymous_14)
FNDA:0,(anonymous_15)
FNDA:0,(anonymous_16)
FNDA:0,(anonymous_17)
DA:12,1
DA:13,1
DA:15,1
DA:16,0
DA:17,0
DA:18,0
DA:22,1
DA:23,0
DA:24,0
DA:25,0
DA:26,0
DA:31,1
DA:32,0
DA:33,0
DA:34,0
DA:35,0
DA:37,0
DA:41,1
DA:42,0
DA:43,0
DA:44,0
DA:45,0
DA:50,1
DA:51,0
DA:52,0
DA:53,0
DA:54,0
DA:61,1
DA:62,0
DA:66,1
DA:67,0
DA:71,1
DA:72,0
DA:76,1
DA:77,0
DA:78,0
DA:80,0
DA:84,1
DA:85,0
LF:39
LH:12
BRDA:16,1,0,0
BRDA:16,1,1,0
BRDA:23,2,0,0
BRDA:23,2,1,0
BRDA:25,3,0,0
BRDA:25,3,1,0
BRDA:33,4,0,0
BRDA:33,4,1,0
BRDA:52,5,0,0
BRDA:52,5,1,0
BRDA:77,6,0,0
BRDA:77,6,1,0
BRF:12
BRH:0
end_of_record
TN:
SF:/Users/bryannissen/Projects/Personal/project-timesheet/server/api/thing/thing.model.js
FNF:0
FNH:0
DA:3,1
DA:4,1
DA:6,1
DA:12,1
LF:4
LH:4
BRF:0
BRH:0
end_of_record
TN:
SF:/Users/bryannissen/Projects/Personal/project-timesheet/server/api/user/index.js
FN:5,_interopRequireDefault
FNF:1
FNH:1
FNDA:6,_interopRequireDefault
DA:5,6
DA:7,2
DA:9,2
DA:11,2
DA:13,2
DA:15,2
DA:17,2
DA:19,2
DA:21,2
DA:22,2
DA:23,2
DA:24,2
DA:25,2
DA:26,2
DA:28,2
LF:15
LH:15
BRDA:5,1,0,0
BRDA:5,1,1,6
BRDA:5,2,0,6
BRDA:5,2,1,6
BRF:4
BRH:4
end_of_record
TN:
SF:/Users/bryannissen/Projects/Personal/project-timesheet/server/api/user/user.controller.js
FN:5,_interopRequireDefault
FN:23,validationError
FN:25,(anonymous_3)
FN:30,handleError
FN:32,(anonymous_5)
FN:37,respondWith
FN:39,(anonymous_7)
FN:48,(anonymous_8)
FN:49,(anonymous_9)
FN:57,(anonymous_10)
FN:61,(anonymous_11)
FN:72,(anonymous_12)
FN:75,(anonymous_13)
FN:80,(anonymous_14)
FN:89,(anonymous_15)
FN:90,(anonymous_16)
FN:98,(anonymous_17)
FN:103,(anonymous_18)
FN:106,(anonymous_19)
FN:118,(anonymous_20)
FN:121,(anonymous_21)
FN:127,(anonymous_22)
FN:135,(anonymous_23)
FNF:23
FNH:1
FNDA:4,_interopRequireDefault
FNDA:0,validationError
FNDA:0,(anonymous_3)
FNDA:0,handleError
FNDA:0,(anonymous_5)
FNDA:0,respondWith
FNDA:0,(anonymous_7)
FNDA:0,(anonymous_8)
FNDA:0,(anonymous_9)
FNDA:0,(anonymous_10)
FNDA:0,(anonymous_11)
FNDA:0,(anonymous_12)
FNDA:0,(anonymous_13)
FNDA:0,(anonymous_14)
FNDA:0,(anonymous_15)
FNDA:0,(anonymous_16)
FNDA:0,(anonymous_17)
FNDA:0,(anonymous_18)
FNDA:0,(anonymous_19)
FNDA:0,(anonymous_20)
FNDA:0,(anonymous_21)
FNDA:0,(anonymous_22)
FNDA:0,(anonymous_23)
DA:5,4
DA:7,1
DA:9,1
DA:11,1
DA:13,1
DA:15,1
DA:17,1
DA:19,1
DA:21,1
DA:23,1
DA:24,0
DA:25,0
DA:26,0
DA:30,1
DA:31,0
DA:32,0
DA:33,0
DA:37,1
DA:38,0
DA:39,0
DA:40,0
DA:48,1
DA:49,0
DA:50,0
DA:57,1
DA:58,0
DA:59,0
DA:60,0
DA:61,0
DA:62,0
DA:65,0
DA:72,1
DA:73,0
DA:75,0
DA:76,0
DA:77,0
DA:79,0
DA:81,0
DA:89,1
DA:90,0
DA:91,0
DA:98,1
DA:99,0
DA:100,0
DA:101,0
DA:103,0
DA:104,0
DA:105,0
DA:106,0
DA:107,0
DA:110,0
DA:118,1
DA:119,0
DA:121,0
DA:123,0
DA:124,0
DA:126,0
DA:128,0
DA:135,1
DA:136,0
LF:60
LH:19
BRDA:5,1,0,0
BRDA:5,1,1,4
BRDA:5,2,0,4
BRDA:5,2,1,4
BRDA:24,3,0,0
BRDA:24,3,1,0
BRDA:31,4,0,0
BRDA:31,4,1,0
BRDA:38,5,0,0
BRDA:38,5,1,0
BRDA:76,6,0,0
BRDA:76,6,1,0
BRDA:104,7,0,0
BRDA:104,7,1,0
BRDA:123,8,0,0
BRDA:123,8,1,0
BRF:16
BRH:4
end_of_record
TN:
SF:/Users/bryannissen/Projects/Personal/project-timesheet/server/api/user/user.model.js
FN:5,_interopRequireDefault
FN:39,(anonymous_2)
FN:47,(anonymous_3)
FN:59,(anonymous_4)
FN:67,(anonymous_5)
FN:75,(anonymous_6)
FN:77,(anonymous_7)
FN:85,(anonymous_8)
FN:90,validatePresenceOf
FN:97,(anonymous_10)
FN:106,(anonymous_11)
FN:111,(anonymous_12)
FN:136,authenticate
FN:142,(anonymous_14)
FN:163,makeSalt
FN:181,(anonymous_16)
FN:197,encryptPassword
FN:210,(anonymous_18)
FNF:18
FNH:14
FNDA:1,_interopRequireDefault
FNDA:0,(anonymous_2)
FNDA:0,(anonymous_3)
FNDA:6,(anonymous_4)
FNDA:6,(anonymous_5)
FNDA:5,(anonymous_6)
FNDA:5,(anonymous_7)
FNDA:0,(anonymous_8)
FNDA:4,validatePresenceOf
FNDA:5,(anonymous_10)
FNDA:4,(anonymous_11)
FNDA:4,(anonymous_12)
FNDA:3,authenticate
FNDA:0,(anonymous_14)
FNDA:4,makeSalt
FNDA:4,(anonymous_16)
FNDA:7,encryptPassword
FNDA:4,(anonymous_18)
DA:5,1
DA:7,1
DA:9,1
DA:11,1
DA:12,1
DA:13,1
DA:15,1
DA:39,1
DA:40,0
DA:47,1
DA:48,0
DA:59,1
DA:60,6
DA:61,0
DA:63,6
DA:67,1
DA:68,6
DA:69,0
DA:71,6
DA:75,1
DA:76,5
DA:77,5
DA:78,5
DA:79,1
DA:80,0
DA:82,1
DA:84,4
DA:86,0
DA:90,1
DA:91,4
DA:97,1
DA:99,5
DA:100,4
DA:101,0
DA:105,4
DA:106,4
DA:107,4
DA:108,0
DA:110,4
DA:111,4
DA:112,4
DA:113,0
DA:115,4
DA:116,4
DA:120,1
DA:127,1
DA:137,3
DA:138,3
DA:141,0
DA:142,0
DA:143,0
DA:144,0
DA:147,0
DA:148,0
DA:150,0
DA:164,4
DA:166,4
DA:167,4
DA:168,4
DA:169,0
DA:170,0
DA:173,4
DA:174,0
DA:177,4
DA:178,0
DA:181,4
DA:182,4
DA:183,0
DA:185,4
DA:198,7
DA:199,0
DA:202,7
DA:203,7
DA:204,7
DA:206,7
DA:207,3
DA:210,4
DA:211,4
DA:212,0
DA:214,4
DA:219,1
LF:81
LH:58
BRDA:5,1,0,0
BRDA:5,1,1,1
BRDA:5,2,0,1
BRDA:5,2,1,1
BRDA:60,3,0,0
BRDA:60,3,1,6
BRDA:68,4,0,0
BRDA:68,4,1,6
BRDA:78,5,0,1
BRDA:78,5,1,4
BRDA:79,6,0,0
BRDA:79,6,1,1
BRDA:91,7,0,4
BRDA:91,7,1,4
BRDA:99,8,0,4
BRDA:99,8,1,1
BRDA:100,9,0,0
BRDA:100,9,1,4
BRDA:100,10,0,4
BRDA:100,10,1,0
BRDA:107,11,0,0
BRDA:107,11,1,4
BRDA:112,12,0,0
BRDA:112,12,1,4
BRDA:137,13,0,3
BRDA:137,13,1,0
BRDA:143,14,0,0
BRDA:143,14,1,0
BRDA:147,15,0,0
BRDA:147,15,1,0
BRDA:166,16,0,4
BRDA:166,16,1,0
BRDA:169,17,0,0
BRDA:169,17,1,0
BRDA:173,18,0,0
BRDA:173,18,1,4
BRDA:177,19,0,0
BRDA:177,19,1,4
BRDA:182,20,0,0
BRDA:182,20,1,4
BRDA:198,21,0,0
BRDA:198,21,1,7
BRDA:198,22,0,7
BRDA:198,22,1,7
BRDA:206,23,0,3
BRDA:206,23,1,4
BRDA:211,24,0,0
BRDA:211,24,1,4
BRF:48
BRH:28
end_of_record
TN:
SF:/Users/bryannissen/Projects/Personal/project-timesheet/server/config/environment/index.js
FN:6,requiredProcessEnv
FNF:1
FNH:0
FNDA:0,requiredProcessEnv
DA:3,1
DA:4,1
DA:6,1
DA:7,0
DA:8,0
DA:10,0
DA:15,1
DA:68,1
LF:8
LH:5
BRDA:7,1,0,0
BRDA:7,1,1,0
BRDA:22,2,0,1
BRDA:22,2,1,1
BRDA:25,3,0,1
BRDA:25,3,1,1
BRDA:48,4,0,1
BRDA:48,4,1,0
BRDA:49,5,0,1
BRDA:49,5,1,0
BRDA:50,6,0,1
BRDA:50,6,1,0
BRDA:54,7,0,1
BRDA:54,7,1,0
BRDA:55,8,0,1
BRDA:55,8,1,0
BRDA:56,9,0,1
BRDA:56,9,1,0
BRDA:60,10,0,1
BRDA:60,10,1,0
BRDA:61,11,0,1
BRDA:61,11,1,0
BRDA:62,12,0,1
BRDA:62,12,1,0
BRDA:68,13,0,1
BRDA:68,13,1,0
BRF:26
BRH:14
end_of_record
TN:
SF:/Users/bryannissen/Projects/Personal/project-timesheet/server/config/environment/test.js
FNF:0
FNH:0
DA:5,1
LF:1
LH:1
BRF:0
BRH:0
end_of_record
TN:
SF:/Users/bryannissen/Projects/Personal/project-timesheet/server/auth/auth.service.js
FN:5,_interopRequireDefault
FN:39,isAuthenticated
FN:42,(anonymous_3)
FN:50,(anonymous_4)
FN:51,(anonymous_5)
FN:57,(anonymous_6)
FN:66,hasRole
FN:71,meetsRequirements
FN:83,signToken
FN:92,setTokenCookie
FNF:10
FNH:3
FNDA:6,_interopRequireDefault
FNDA:5,isAuthenticated
FNDA:0,(anonymous_3)
FNDA:0,(anonymous_4)
FNDA:0,(anonymous_5)
FNDA:0,(anonymous_6)
FNDA:2,hasRole
FNDA:0,meetsRequirements
FNDA:0,signToken
FNDA:0,setTokenCookie
DA:5,6
DA:7,1
DA:9,1
DA:11,1
DA:13,1
DA:15,1
DA:17,1
DA:19,1
DA:21,1
DA:23,1
DA:25,1
DA:27,1
DA:29,1
DA:31,1
DA:39,1
DA:40,5
DA:44,0
DA:45,0
DA:47,0
DA:51,0
DA:52,0
DA:53,0
DA:55,0
DA:56,0
DA:58,0
DA:66,1
DA:67,2
DA:68,0
DA:71,2
DA:72,0
DA:73,0
DA:75,0
DA:83,1
DA:84,0
DA:92,1
DA:93,0
DA:94,0
DA:96,0
DA:97,0
DA:98,0
DA:101,1
DA:102,1
DA:103,1
DA:104,1
LF:44
LH:25
BRDA:5,1,0,0
BRDA:5,1,1,6
BRDA:5,2,0,6
BRDA:5,2,1,6
BRDA:44,3,0,0
BRDA:44,3,1,0
BRDA:44,4,0,0
BRDA:44,4,1,0
BRDA:52,5,0,0
BRDA:52,5,1,0
BRDA:67,6,0,0
BRDA:67,6,1,2
BRDA:72,7,0,0
BRDA:72,7,1,0
BRDA:93,8,0,0
BRDA:93,8,1,0
BRF:16
BRH:5
end_of_record
TN:
SF:/Users/bryannissen/Projects/Personal/project-timesheet/server/index.js
FNF:0
FNH:0
DA:4,1
DA:6,1
DA:8,1
DA:12,1
LF:4
LH:4
BRDA:4,1,0,1
BRDA:4,1,1,0
BRDA:6,2,0,1
BRDA:6,2,1,0
BRDA:6,3,0,1
BRDA:6,3,1,1
BRF:6
BRH:4
end_of_record
TN:
SF:/Users/bryannissen/Projects/Personal/project-timesheet/server/app.js
FN:9,_interopRequireDefault
FN:29,(anonymous_2)
FN:51,startServer
FN:52,(anonymous_4)
FNF:4
FNH:3
FNDA:4,_interopRequireDefault
FNDA:0,(anonymous_2)
FNDA:1,startServer
FNDA:1,(anonymous_4)
DA:9,4
DA:11,1
DA:13,1
DA:15,1
DA:17,1
DA:19,1
DA:21,1
DA:23,1
DA:25,1
DA:28,1
DA:29,1
DA:30,0
DA:31,0
DA:35,1
DA:36,0
DA:40,1
DA:41,1
DA:42,1
DA:46,1
DA:47,1
DA:48,1
DA:51,1
DA:52,1
DA:53,1
DA:57,1
DA:60,1
LF:26
LH:23
BRDA:9,1,0,0
BRDA:9,1,1,4
BRDA:9,2,0,4
BRDA:9,2,1,4
BRDA:35,3,0,0
BRDA:35,3,1,1
BRF:6
BRH:5
end_of_record
TN:
SF:/Users/bryannissen/Projects/Personal/project-timesheet/server/config/socketio.js
FN:9,_interopRequireDefault
FN:16,onDisconnect
FN:19,onConnect
FN:21,(anonymous_4)
FN:29,(anonymous_5)
FN:45,(anonymous_6)
FN:50,(anonymous_7)
FN:59,(anonymous_8)
FNF:8
FNH:2
FNDA:1,_interopRequireDefault
FNDA:0,onDisconnect
FNDA:0,onConnect
FNDA:0,(anonymous_4)
FNDA:1,(anonymous_5)
FNDA:0,(anonymous_6)
FNDA:0,(anonymous_7)
FNDA:0,(anonymous_8)
DA:9,1
DA:11,1
DA:13,1
DA:16,1
DA:19,1
DA:21,0
DA:22,0
DA:26,0
DA:29,1
DA:45,1
DA:46,0
DA:48,0
DA:50,0
DA:51,0
DA:52,0
DA:55,0
DA:59,0
DA:60,0
DA:61,0
DA:65,0
DA:66,0
LF:21
LH:7
BRDA:9,1,0,0
BRDA:9,1,1,1
BRDA:9,2,0,1
BRDA:9,2,1,1
BRF:4
BRH:4
end_of_record
TN:
SF:/Users/bryannissen/Projects/Personal/project-timesheet/server/config/express.js
FN:9,_interopRequireDefault
FN:73,(anonymous_2)
FNF:2
FNH:2
FNDA:15,_interopRequireDefault
FNDA:1,(anonymous_2)
DA:9,15
DA:11,1
DA:13,1
DA:15,1
DA:17,1
DA:19,1
DA:21,1
DA:23,1
DA:25,1
DA:27,1
DA:29,1
DA:31,1
DA:33,1
DA:35,1
DA:37,1
DA:39,1
DA:41,1
DA:43,1
DA:45,1
DA:47,1
DA:49,1
DA:51,1
DA:53,1
DA:55,1
DA:57,1
DA:59,1
DA:61,1
DA:63,1
DA:65,1
DA:67,1
DA:69,1
DA:71,1
DA:73,1
DA:74,1
DA:76,1
DA:77,1
DA:78,1
DA:79,1
DA:80,1
DA:81,1
DA:82,1
DA:83,1
DA:84,1
DA:89,1
DA:103,1
DA:104,0
DA:118,1
DA:120,1
DA:121,0
DA:122,0
DA:123,0
DA:126,1
DA:127,0
DA:130,1
DA:131,1
DA:132,1
DA:133,1
DA:134,1
LF:58
LH:53
BRDA:9,1,0,0
BRDA:9,1,1,15
BRDA:9,2,0,15
BRDA:9,2,1,15
BRDA:103,3,0,0
BRDA:103,3,1,1
BRDA:120,4,0,0
BRDA:120,4,1,1
BRDA:126,5,0,0
BRDA:126,5,1,1
BRDA:130,6,0,1
BRDA:130,6,1,0
BRDA:130,7,0,1
BRDA:130,7,1,1
BRF:14
BRH:10
end_of_record
TN:
SF:/Users/bryannissen/Projects/Personal/project-timesheet/server/routes.js
FN:9,_interopRequireDefault
FN:19,(anonymous_2)
FN:31,(anonymous_3)
FNF:3
FNH:2
FNDA:2,_interopRequireDefault
FNDA:1,(anonymous_2)
FNDA:0,(anonymous_3)
DA:9,2
DA:11,1
DA:13,1
DA:15,1
DA:17,1
DA:19,1
DA:22,1
DA:23,1
DA:25,1
DA:28,1
DA:31,1
DA:32,0
LF:12
LH:11
BRDA:9,1,0,0
BRDA:9,1,1,2
BRDA:9,2,0,2
BRDA:9,2,1,2
BRF:4
BRH:4
end_of_record
TN:
SF:/Users/bryannissen/Projects/Personal/project-timesheet/server/components/errors/index.js
FN:7,pageNotFound
FN:15,(anonymous_2)
FNF:2
FNH:0
FNDA:0,pageNotFound
FNDA:0,(anonymous_2)
DA:7,1
DA:8,0
DA:9,0
DA:10,0
DA:14,0
DA:15,0
DA:16,0
DA:17,0
DA:20,0
LF:9
LH:1
BRDA:16,1,0,0
BRDA:16,1,1,0
BRF:2
BRH:0
end_of_record
TN:
SF:/Users/bryannissen/Projects/Personal/project-timesheet/server/auth/index.js
FN:5,_interopRequireDefault
FNF:1
FNH:1
FNDA:4,_interopRequireDefault
DA:5,4
DA:7,1
DA:9,1
DA:11,1
DA:13,1
DA:15,1
DA:17,1
DA:19,1
DA:21,1
DA:24,1
DA:25,1
DA:26,1
DA:27,1
DA:29,1
DA:31,1
DA:32,1
DA:33,1
DA:34,1
DA:36,1
LF:19
LH:19
BRDA:5,1,0,0
BRDA:5,1,1,4
BRDA:5,2,0,4
BRDA:5,2,1,4
BRF:4
BRH:4
end_of_record
TN:
SF:/Users/bryannissen/Projects/Personal/project-timesheet/server/auth/local/passport.js
FN:5,_interopRequireDefault
FN:13,localAuthenticate
FN:16,(anonymous_3)
FN:22,(anonymous_4)
FN:34,(anonymous_5)
FN:39,(anonymous_6)
FN:43,(anonymous_7)
FNF:7
FNH:2
FNDA:1,_interopRequireDefault
FNDA:0,localAuthenticate
FNDA:0,(anonymous_3)
FNDA:0,(anonymous_4)
FNDA:0,(anonymous_5)
FNDA:1,(anonymous_6)
FNDA:0,(anonymous_7)
DA:5,1
DA:7,1
DA:9,1
DA:11,1
DA:13,1
DA:14,0
DA:17,0
DA:18,0
DA:22,0
DA:23,0
DA:24,0
DA:26,0
DA:27,0
DA:31,0
DA:35,0
DA:39,1
DA:40,1
DA:44,0
LF:18
LH:7
BRDA:5,1,0,0
BRDA:5,1,1,1
BRDA:5,2,0,1
BRDA:5,2,1,1
BRDA:17,3,0,0
BRDA:17,3,1,0
BRDA:23,4,0,0
BRDA:23,4,1,0
BRDA:26,5,0,0
BRDA:26,5,1,0
BRF:10
BRH:4
end_of_record
TN:
SF:/Users/bryannissen/Projects/Personal/project-timesheet/server/auth/facebook/passport.js
FN:5,_interopRequireDefault
FN:13,(anonymous_2)
FN:19,(anonymous_3)
FN:22,(anonymous_4)
FN:31,(anonymous_5)
FN:33,(anonymous_6)
FN:39,(anonymous_7)
FNF:7
FNH:2
FNDA:1,_interopRequireDefault
FNDA:1,(anonymous_2)
FNDA:0,(anonymous_3)
FNDA:0,(anonymous_4)
FNDA:0,(anonymous_5)
FNDA:0,(anonymous_6)
FNDA:0,(anonymous_7)
DA:5,1
DA:7,1
DA:9,1
DA:11,1
DA:13,1
DA:14,1
DA:20,0
DA:23,0
DA:24,0
DA:31,0
DA:32,0
DA:34,0
DA:37,0
DA:40,0
LF:14
LH:6
BRDA:5,1,0,0
BRDA:5,1,1,1
BRDA:5,2,0,1
BRDA:5,2,1,1
BRDA:23,3,0,0
BRDA:23,3,1,0
BRF:6
BRH:4
end_of_record
TN:
SF:/Users/bryannissen/Projects/Personal/project-timesheet/server/auth/google/passport.js
FN:5,_interopRequireDefault
FN:13,(anonymous_2)
FN:18,(anonymous_3)
FN:21,(anonymous_4)
FN:31,(anonymous_5)
FN:33,(anonymous_6)
FN:39,(anonymous_7)
FNF:7
FNH:2
FNDA:1,_interopRequireDefault
FNDA:1,(anonymous_2)
FNDA:0,(anonymous_3)
FNDA:0,(anonymous_4)
FNDA:0,(anonymous_5)
FNDA:0,(anonymous_6)
FNDA:0,(anonymous_7)
DA:5,1
DA:7,1
DA:9,1
DA:11,1
DA:13,1
DA:14,1
DA:19,0
DA:22,0
DA:23,0
DA:31,0
DA:32,0
DA:34,0
DA:37,0
DA:40,0
LF:14
LH:6
BRDA:5,1,0,0
BRDA:5,1,1,1
BRDA:5,2,0,1
BRDA:5,2,1,1
BRDA:22,3,0,0
BRDA:22,3,1,0
BRF:6
BRH:4
end_of_record
TN:
SF:/Users/bryannissen/Projects/Personal/project-timesheet/server/auth/twitter/passport.js
FN:5,_interopRequireDefault
FN:13,(anonymous_2)
FN:18,(anonymous_3)
FN:21,(anonymous_4)
FN:30,(anonymous_5)
FN:32,(anonymous_6)
FN:38,(anonymous_7)
FNF:7
FNH:2
FNDA:1,_interopRequireDefault
FNDA:1,(anonymous_2)
FNDA:0,(anonymous_3)
FNDA:0,(anonymous_4)
FNDA:0,(anonymous_5)
FNDA:0,(anonymous_6)
FNDA:0,(anonymous_7)
DA:5,1
DA:7,1
DA:9,1
DA:11,1
DA:13,1
DA:14,1
DA:19,0
DA:22,0
DA:23,0
DA:30,0
DA:31,0
DA:33,0
DA:36,0
DA:39,0
LF:14
LH:6
BRDA:5,1,0,0
BRDA:5,1,1,1
BRDA:5,2,0,1
BRDA:5,2,1,1
BRDA:22,3,0,0
BRDA:22,3,1,0
BRF:6
BRH:4
end_of_record
TN:
SF:/Users/bryannissen/Projects/Personal/project-timesheet/server/auth/local/index.js
FN:5,_interopRequireDefault
FN:21,(anonymous_2)
FN:22,(anonymous_3)
FNF:3
FNH:1
FNDA:3,_interopRequireDefault
FNDA:0,(anonymous_2)
FNDA:0,(anonymous_3)
DA:5,3
DA:7,1
DA:9,1
DA:11,1
DA:13,1
DA:15,1
DA:17,1
DA:19,1
DA:21,1
DA:22,0
DA:23,0
DA:24,0
DA:25,0
DA:27,0
DA:28,0
DA:31,0
DA:32,0
DA:36,1
LF:18
LH:10
BRDA:5,1,0,0
BRDA:5,1,1,3
BRDA:5,2,0,3
BRDA:5,2,1,3
BRDA:23,3,0,0
BRDA:23,3,1,0
BRDA:24,4,0,0
BRDA:24,4,1,0
BRDA:27,5,0,0
BRDA:27,5,1,0
BRF:10
BRH:4
end_of_record
TN:
SF:/Users/bryannissen/Projects/Personal/project-timesheet/server/auth/facebook/index.js
FN:5,_interopRequireDefault
FNF:1
FNH:1
FNDA:3,_interopRequireDefault
DA:5,3
DA:7,1
DA:9,1
DA:11,1
DA:13,1
DA:15,1
DA:17,1
DA:19,1
DA:21,1
DA:30,1
LF:10
LH:10
BRDA:5,1,0,0
BRDA:5,1,1,3
BRDA:5,2,0,3
BRDA:5,2,1,3
BRF:4
BRH:4
end_of_record
TN:
SF:/Users/bryannissen/Projects/Personal/project-timesheet/server/auth/twitter/index.js
FN:5,_interopRequireDefault
FNF:1
FNH:1
FNDA:3,_interopRequireDefault
DA:5,3
DA:7,1
DA:9,1
DA:11,1
DA:13,1
DA:15,1
DA:17,1
DA:19,1
DA:21,1
DA:29,1
LF:10
LH:10
BRDA:5,1,0,0
BRDA:5,1,1,3
BRDA:5,2,0,3
BRDA:5,2,1,3
BRF:4
BRH:4
end_of_record
TN:
SF:/Users/bryannissen/Projects/Personal/project-timesheet/server/auth/google/index.js
FN:5,_interopRequireDefault
FNF:1
FNH:1
FNDA:3,_interopRequireDefault
DA:5,3
DA:7,1
DA:9,1
DA:11,1
DA:13,1
DA:15,1
DA:17,1
DA:19,1
DA:21,1
DA:30,1
LF:10
LH:10
BRDA:5,1,0,0
BRDA:5,1,1,3
BRDA:5,2,0,3
BRDA:5,2,1,3
BRF:4
BRH:4
end_of_record
