{"/Users/bryannissen/Projects/Personal/project-timesheet/mocha.conf.js":{"path":"/Users/bryannissen/Projects/Personal/project-timesheet/mocha.conf.js","s":{"1":1,"2":1,"3":1,"4":1,"5":1,"6":1,"7":1,"8":1,"9":1},"b":{},"f":{},"fnMap":{},"statementMap":{"1":{"start":{"line":4,"column":0},"end":{"line":4,"column":31}},"2":{"start":{"line":6,"column":0},"end":{"line":6,"column":27}},"3":{"start":{"line":9,"column":0},"end":{"line":9,"column":28}},"4":{"start":{"line":10,"column":0},"end":{"line":10,"column":28}},"5":{"start":{"line":11,"column":0},"end":{"line":11,"column":14}},"6":{"start":{"line":14,"column":0},"end":{"line":14,"column":32}},"7":{"start":{"line":17,"column":0},"end":{"line":17,"column":32}},"8":{"start":{"line":18,"column":0},"end":{"line":18,"column":38}},"9":{"start":{"line":19,"column":0},"end":{"line":19,"column":32}}},"branchMap":{}},"/Users/bryannissen/Projects/Personal/project-timesheet/server/index.js":{"path":"/Users/bryannissen/Projects/Personal/project-timesheet/server/index.js","s":{"1":1,"2":1,"3":1,"4":1},"b":{"1":[1,0],"2":[1,0],"3":[1,1]},"f":{},"fnMap":{},"statementMap":{"1":{"start":{"line":4,"column":0},"end":{"line":4,"column":71}},"2":{"start":{"line":6,"column":0},"end":{"line":9,"column":1}},"3":{"start":{"line":8,"column":2},"end":{"line":8,"column":33}},"4":{"start":{"line":12,"column":0},"end":{"line":12,"column":44}}},"branchMap":{"1":{"line":4,"type":"binary-expr","locations":[{"start":{"line":4,"column":33},"end":{"line":4,"column":53}},{"start":{"line":4,"column":57},"end":{"line":4,"column":70}}]},"2":{"line":6,"type":"if","locations":[{"start":{"line":6,"column":0},"end":{"line":6,"column":0}},{"start":{"line":6,"column":0},"end":{"line":6,"column":0}}]},"3":{"line":6,"type":"binary-expr","locations":[{"start":{"line":6,"column":4},"end":{"line":6,"column":25}},{"start":{"line":6,"column":29},"end":{"line":6,"column":43}}]}}},"/Users/bryannissen/Projects/Personal/project-timesheet/server/app.js":{"path":"/Users/bryannissen/Projects/Personal/project-timesheet/server/app.js","s":{"1":1,"2":4,"3":1,"4":1,"5":1,"6":1,"7":1,"8":1,"9":1,"10":1,"11":1,"12":1,"13":0,"14":0,"15":1,"16":0,"17":1,"18":1,"19":1,"20":1,"21":1,"22":1,"23":1,"24":1,"25":1,"26":1,"27":1},"b":{"1":[0,4],"2":[4,4],"3":[0,1]},"f":{"1":4,"2":0,"3":1,"4":1},"fnMap":{"1":{"name":"_interopRequireDefault","line":9,"loc":{"start":{"line":9,"column":0},"end":{"line":9,"column":37}},"skip":true},"2":{"name":"(anonymous_2)","line":29,"loc":{"start":{"line":29,"column":45},"end":{"line":29,"column":60}}},"3":{"name":"startServer","line":51,"loc":{"start":{"line":51,"column":0},"end":{"line":51,"column":23}}},"4":{"name":"(anonymous_4)","line":52,"loc":{"start":{"line":52,"column":88},"end":{"line":52,"column":100}}}},"statementMap":{"1":{"start":{"line":9,"column":0},"end":{"line":9,"column":97},"skip":true},"2":{"start":{"line":9,"column":39},"end":{"line":9,"column":95},"skip":true},"3":{"start":{"line":11,"column":0},"end":{"line":11,"column":34}},"4":{"start":{"line":13,"column":0},"end":{"line":13,"column":49}},"5":{"start":{"line":15,"column":0},"end":{"line":15,"column":36}},"6":{"start":{"line":17,"column":0},"end":{"line":17,"column":51}},"7":{"start":{"line":19,"column":0},"end":{"line":19,"column":57}},"8":{"start":{"line":21,"column":0},"end":{"line":21,"column":69}},"9":{"start":{"line":23,"column":0},"end":{"line":23,"column":28}},"10":{"start":{"line":25,"column":0},"end":{"line":25,"column":43}},"11":{"start":{"line":28,"column":0},"end":{"line":28,"column":118}},"12":{"start":{"line":29,"column":0},"end":{"line":32,"column":3}},"13":{"start":{"line":30,"column":2},"end":{"line":30,"column":52}},"14":{"start":{"line":31,"column":2},"end":{"line":31,"column":19}},"15":{"start":{"line":35,"column":0},"end":{"line":37,"column":1}},"16":{"start":{"line":36,"column":2},"end":{"line":36,"column":27}},"17":{"start":{"line":40,"column":0},"end":{"line":40,"column":38}},"18":{"start":{"line":41,"column":0},"end":{"line":41,"column":49}},"19":{"start":{"line":42,"column":0},"end":{"line":45,"column":3}},"20":{"start":{"line":46,"column":0},"end":{"line":46,"column":39}},"21":{"start":{"line":47,"column":0},"end":{"line":47,"column":33}},"22":{"start":{"line":48,"column":0},"end":{"line":48,"column":25}},"23":{"start":{"line":51,"column":0},"end":{"line":55,"column":1}},"24":{"start":{"line":52,"column":2},"end":{"line":54,"column":5}},"25":{"start":{"line":53,"column":4},"end":{"line":53,"column":115}},"26":{"start":{"line":57,"column":0},"end":{"line":57,"column":26}},"27":{"start":{"line":60,"column":0},"end":{"line":60,"column":31}}},"branchMap":{"1":{"line":9,"type":"cond-expr","locations":[{"start":{"line":9,"column":70},"end":{"line":9,"column":73},"skip":true},{"start":{"line":9,"column":76},"end":{"line":9,"column":94},"skip":true}]},"2":{"line":9,"type":"binary-expr","locations":[{"start":{"line":9,"column":46},"end":{"line":9,"column":49},"skip":true},{"start":{"line":9,"column":53},"end":{"line":9,"column":67},"skip":true}]},"3":{"line":35,"type":"if","locations":[{"start":{"line":35,"column":0},"end":{"line":35,"column":0}},{"start":{"line":35,"column":0},"end":{"line":35,"column":0}}]}}},"/Users/bryannissen/Projects/Personal/project-timesheet/server/config/environment/index.js":{"path":"/Users/bryannissen/Projects/Personal/project-timesheet/server/config/environment/index.js","s":{"1":1,"2":1,"3":1,"4":0,"5":0,"6":0,"7":1,"8":1},"b":{"1":[0,0],"2":[1,1],"3":[1,1],"4":[1,0],"5":[1,0],"6":[1,0],"7":[1,0],"8":[1,0],"9":[1,0],"10":[1,0],"11":[1,0],"12":[1,0],"13":[1,0]},"f":{"1":0},"fnMap":{"1":{"name":"requiredProcessEnv","line":6,"loc":{"start":{"line":6,"column":0},"end":{"line":6,"column":34}}}},"statementMap":{"1":{"start":{"line":3,"column":0},"end":{"line":3,"column":27}},"2":{"start":{"line":4,"column":0},"end":{"line":4,"column":26}},"3":{"start":{"line":6,"column":0},"end":{"line":11,"column":1}},"4":{"start":{"line":7,"column":2},"end":{"line":9,"column":3}},"5":{"start":{"line":8,"column":4},"end":{"line":8,"column":74}},"6":{"start":{"line":10,"column":2},"end":{"line":10,"column":27}},"7":{"start":{"line":15,"column":0},"end":{"line":64,"column":2}},"8":{"start":{"line":68,"column":0},"end":{"line":68,"column":82}}},"branchMap":{"1":{"line":7,"type":"if","locations":[{"start":{"line":7,"column":2},"end":{"line":7,"column":2}},{"start":{"line":7,"column":2},"end":{"line":7,"column":2}}]},"2":{"line":22,"type":"binary-expr","locations":[{"start":{"line":22,"column":8},"end":{"line":22,"column":24}},{"start":{"line":22,"column":28},"end":{"line":22,"column":32}}]},"3":{"line":25,"type":"binary-expr","locations":[{"start":{"line":25,"column":6},"end":{"line":25,"column":20}},{"start":{"line":25,"column":24},"end":{"line":25,"column":33}}]},"4":{"line":48,"type":"binary-expr","locations":[{"start":{"line":48,"column":14},"end":{"line":48,"column":37}},{"start":{"line":48,"column":41},"end":{"line":48,"column":45}}]},"5":{"line":49,"type":"binary-expr","locations":[{"start":{"line":49,"column":18},"end":{"line":49,"column":45}},{"start":{"line":49,"column":49},"end":{"line":49,"column":57}}]},"6":{"line":50,"type":"binary-expr","locations":[{"start":{"line":50,"column":18},"end":{"line":50,"column":36}},{"start":{"line":50,"column":40},"end":{"line":50,"column":42}}]},"7":{"line":54,"type":"binary-expr","locations":[{"start":{"line":54,"column":14},"end":{"line":54,"column":36}},{"start":{"line":54,"column":40},"end":{"line":54,"column":44}}]},"8":{"line":55,"type":"binary-expr","locations":[{"start":{"line":55,"column":18},"end":{"line":55,"column":44}},{"start":{"line":55,"column":48},"end":{"line":55,"column":56}}]},"9":{"line":56,"type":"binary-expr","locations":[{"start":{"line":56,"column":18},"end":{"line":56,"column":36}},{"start":{"line":56,"column":40},"end":{"line":56,"column":42}}]},"10":{"line":60,"type":"binary-expr","locations":[{"start":{"line":60,"column":14},"end":{"line":60,"column":35}},{"start":{"line":60,"column":39},"end":{"line":60,"column":43}}]},"11":{"line":61,"type":"binary-expr","locations":[{"start":{"line":61,"column":18},"end":{"line":61,"column":43}},{"start":{"line":61,"column":47},"end":{"line":61,"column":55}}]},"12":{"line":62,"type":"binary-expr","locations":[{"start":{"line":62,"column":18},"end":{"line":62,"column":36}},{"start":{"line":62,"column":40},"end":{"line":62,"column":42}}]},"13":{"line":68,"type":"binary-expr","locations":[{"start":{"line":68,"column":30},"end":{"line":68,"column":74}},{"start":{"line":68,"column":78},"end":{"line":68,"column":80}}]}}},"/Users/bryannissen/Projects/Personal/project-timesheet/server/config/environment/test.js":{"path":"/Users/bryannissen/Projects/Personal/project-timesheet/server/config/environment/test.js","s":{"1":1},"b":{},"f":{},"fnMap":{},"statementMap":{"1":{"start":{"line":5,"column":0},"end":{"line":20,"column":2}}},"branchMap":{}},"/Users/bryannissen/Projects/Personal/project-timesheet/server/config/socketio.js":{"path":"/Users/bryannissen/Projects/Personal/project-timesheet/server/config/socketio.js","s":{"1":1,"2":1,"3":1,"4":1,"5":1,"6":1,"7":0,"8":0,"9":0,"10":1,"11":1,"12":0,"13":0,"14":0,"15":0,"16":0,"17":0,"18":0,"19":0,"20":0,"21":0,"22":0},"b":{"1":[0,1],"2":[1,1]},"f":{"1":1,"2":0,"3":0,"4":0,"5":1,"6":0,"7":0,"8":0},"fnMap":{"1":{"name":"_interopRequireDefault","line":9,"loc":{"start":{"line":9,"column":0},"end":{"line":9,"column":37}},"skip":true},"2":{"name":"onDisconnect","line":16,"loc":{"start":{"line":16,"column":0},"end":{"line":16,"column":30}}},"3":{"name":"onConnect","line":19,"loc":{"start":{"line":19,"column":0},"end":{"line":19,"column":27}}},"4":{"name":"(anonymous_4)","line":21,"loc":{"start":{"line":21,"column":20},"end":{"line":21,"column":36}}},"5":{"name":"(anonymous_5)","line":29,"loc":{"start":{"line":29,"column":17},"end":{"line":29,"column":37}}},"6":{"name":"(anonymous_6)","line":45,"loc":{"start":{"line":45,"column":28},"end":{"line":45,"column":46}}},"7":{"name":"(anonymous_7)","line":50,"loc":{"start":{"line":50,"column":17},"end":{"line":50,"column":29}}},"8":{"name":"(anonymous_8)","line":59,"loc":{"start":{"line":59,"column":28},"end":{"line":59,"column":40}}}},"statementMap":{"1":{"start":{"line":9,"column":0},"end":{"line":9,"column":97},"skip":true},"2":{"start":{"line":9,"column":39},"end":{"line":9,"column":95},"skip":true},"3":{"start":{"line":11,"column":0},"end":{"line":11,"column":44}},"4":{"start":{"line":13,"column":0},"end":{"line":13,"column":57}},"5":{"start":{"line":16,"column":0},"end":{"line":16,"column":32}},"6":{"start":{"line":19,"column":0},"end":{"line":27,"column":1}},"7":{"start":{"line":21,"column":2},"end":{"line":23,"column":5}},"8":{"start":{"line":22,"column":4},"end":{"line":22,"column":46}},"9":{"start":{"line":26,"column":2},"end":{"line":26,"column":56}},"10":{"start":{"line":29,"column":0},"end":{"line":68,"column":2}},"11":{"start":{"line":45,"column":2},"end":{"line":67,"column":5}},"12":{"start":{"line":46,"column":4},"end":{"line":46,"column":106}},"13":{"start":{"line":48,"column":4},"end":{"line":48,"column":36}},"14":{"start":{"line":50,"column":4},"end":{"line":56,"column":6}},"15":{"start":{"line":51,"column":6},"end":{"line":53,"column":7}},"16":{"start":{"line":52,"column":8},"end":{"line":52,"column":37}},"17":{"start":{"line":55,"column":6},"end":{"line":55,"column":109}},"18":{"start":{"line":59,"column":4},"end":{"line":62,"column":7}},"19":{"start":{"line":60,"column":6},"end":{"line":60,"column":27}},"20":{"start":{"line":61,"column":6},"end":{"line":61,"column":33}},"21":{"start":{"line":65,"column":4},"end":{"line":65,"column":22}},"22":{"start":{"line":66,"column":4},"end":{"line":66,"column":28}}},"branchMap":{"1":{"line":9,"type":"cond-expr","locations":[{"start":{"line":9,"column":70},"end":{"line":9,"column":73},"skip":true},{"start":{"line":9,"column":76},"end":{"line":9,"column":94},"skip":true}]},"2":{"line":9,"type":"binary-expr","locations":[{"start":{"line":9,"column":46},"end":{"line":9,"column":49},"skip":true},{"start":{"line":9,"column":53},"end":{"line":9,"column":67},"skip":true}]}}},"/Users/bryannissen/Projects/Personal/project-timesheet/server/config/express.js":{"path":"/Users/bryannissen/Projects/Personal/project-timesheet/server/config/express.js","s":{"1":1,"2":15,"3":1,"4":1,"5":1,"6":1,"7":1,"8":1,"9":1,"10":1,"11":1,"12":1,"13":1,"14":1,"15":1,"16":1,"17":1,"18":1,"19":1,"20":1,"21":1,"22":1,"23":1,"24":1,"25":1,"26":1,"27":1,"28":1,"29":1,"30":1,"31":1,"32":1,"33":1,"34":1,"35":1,"36":1,"37":1,"38":1,"39":1,"40":1,"41":1,"42":1,"43":1,"44":1,"45":1,"46":1,"47":0,"48":1,"49":1,"50":0,"51":0,"52":0,"53":1,"54":0,"55":1,"56":1,"57":1,"58":1,"59":1},"b":{"1":[0,15],"2":[15,15],"3":[0,1],"4":[0,1],"5":[0,1],"6":[1,0],"7":[1,1]},"f":{"1":15,"2":1},"fnMap":{"1":{"name":"_interopRequireDefault","line":9,"loc":{"start":{"line":9,"column":0},"end":{"line":9,"column":37}},"skip":true},"2":{"name":"(anonymous_2)","line":73,"loc":{"start":{"line":73,"column":17},"end":{"line":73,"column":32}}}},"statementMap":{"1":{"start":{"line":9,"column":0},"end":{"line":9,"column":97},"skip":true},"2":{"start":{"line":9,"column":39},"end":{"line":9,"column":95},"skip":true},"3":{"start":{"line":11,"column":0},"end":{"line":11,"column":34}},"4":{"start":{"line":13,"column":0},"end":{"line":13,"column":49}},"5":{"start":{"line":15,"column":0},"end":{"line":15,"column":45}},"6":{"start":{"line":17,"column":0},"end":{"line":17,"column":59}},"7":{"start":{"line":19,"column":0},"end":{"line":19,"column":32}},"8":{"start":{"line":21,"column":0},"end":{"line":21,"column":47}},"9":{"start":{"line":23,"column":0},"end":{"line":23,"column":42}},"10":{"start":{"line":25,"column":0},"end":{"line":25,"column":57}},"11":{"start":{"line":27,"column":0},"end":{"line":27,"column":41}},"12":{"start":{"line":29,"column":0},"end":{"line":29,"column":55}},"13":{"start":{"line":31,"column":0},"end":{"line":31,"column":49}},"14":{"start":{"line":33,"column":0},"end":{"line":33,"column":63}},"15":{"start":{"line":35,"column":0},"end":{"line":35,"column":45}},"16":{"start":{"line":37,"column":0},"end":{"line":37,"column":59}},"17":{"start":{"line":39,"column":0},"end":{"line":39,"column":44}},"18":{"start":{"line":41,"column":0},"end":{"line":41,"column":59}},"19":{"start":{"line":43,"column":0},"end":{"line":43,"column":28}},"20":{"start":{"line":45,"column":0},"end":{"line":45,"column":43}},"21":{"start":{"line":47,"column":0},"end":{"line":47,"column":30}},"22":{"start":{"line":49,"column":0},"end":{"line":49,"column":45}},"23":{"start":{"line":51,"column":0},"end":{"line":51,"column":44}},"24":{"start":{"line":53,"column":0},"end":{"line":53,"column":57}},"25":{"start":{"line":55,"column":0},"end":{"line":55,"column":36}},"26":{"start":{"line":57,"column":0},"end":{"line":57,"column":51}},"27":{"start":{"line":59,"column":0},"end":{"line":59,"column":49}},"28":{"start":{"line":61,"column":0},"end":{"line":61,"column":63}},"29":{"start":{"line":63,"column":0},"end":{"line":63,"column":45}},"30":{"start":{"line":65,"column":0},"end":{"line":65,"column":59}},"31":{"start":{"line":67,"column":0},"end":{"line":67,"column":36}},"32":{"start":{"line":69,"column":0},"end":{"line":69,"column":51}},"33":{"start":{"line":71,"column":0},"end":{"line":71,"column":77}},"34":{"start":{"line":73,"column":0},"end":{"line":136,"column":2}},"35":{"start":{"line":74,"column":2},"end":{"line":74,"column":27}},"36":{"start":{"line":76,"column":2},"end":{"line":76,"column":68}},"37":{"start":{"line":77,"column":2},"end":{"line":77,"column":48}},"38":{"start":{"line":78,"column":2},"end":{"line":78,"column":33}},"39":{"start":{"line":79,"column":2},"end":{"line":79,"column":43}},"40":{"start":{"line":80,"column":2},"end":{"line":80,"column":67}},"41":{"start":{"line":81,"column":2},"end":{"line":81,"column":42}},"42":{"start":{"line":82,"column":2},"end":{"line":82,"column":46}},"43":{"start":{"line":83,"column":2},"end":{"line":83,"column":44}},"44":{"start":{"line":84,"column":2},"end":{"line":84,"column":46}},"45":{"start":{"line":89,"column":2},"end":{"line":97,"column":6}},"46":{"start":{"line":103,"column":2},"end":{"line":116,"column":3}},"47":{"start":{"line":104,"column":4},"end":{"line":115,"column":8}},"48":{"start":{"line":118,"column":2},"end":{"line":118,"column":86}},"49":{"start":{"line":120,"column":2},"end":{"line":124,"column":3}},"50":{"start":{"line":121,"column":4},"end":{"line":121,"column":124}},"51":{"start":{"line":122,"column":4},"end":{"line":122,"column":64}},"52":{"start":{"line":123,"column":4},"end":{"line":123,"column":45}},"53":{"start":{"line":126,"column":2},"end":{"line":128,"column":3}},"54":{"start":{"line":127,"column":4},"end":{"line":127,"column":45}},"55":{"start":{"line":130,"column":2},"end":{"line":135,"column":3}},"56":{"start":{"line":131,"column":4},"end":{"line":131,"column":107}},"57":{"start":{"line":132,"column":4},"end":{"line":132,"column":64}},"58":{"start":{"line":133,"column":4},"end":{"line":133,"column":45}},"59":{"start":{"line":134,"column":4},"end":{"line":134,"column":46}}},"branchMap":{"1":{"line":9,"type":"cond-expr","locations":[{"start":{"line":9,"column":70},"end":{"line":9,"column":73},"skip":true},{"start":{"line":9,"column":76},"end":{"line":9,"column":94},"skip":true}]},"2":{"line":9,"type":"binary-expr","locations":[{"start":{"line":9,"column":46},"end":{"line":9,"column":49},"skip":true},{"start":{"line":9,"column":53},"end":{"line":9,"column":67},"skip":true}]},"3":{"line":103,"type":"if","locations":[{"start":{"line":103,"column":2},"end":{"line":103,"column":2}},{"start":{"line":103,"column":2},"end":{"line":103,"column":2}}]},"4":{"line":120,"type":"if","locations":[{"start":{"line":120,"column":2},"end":{"line":120,"column":2}},{"start":{"line":120,"column":2},"end":{"line":120,"column":2}}]},"5":{"line":126,"type":"if","locations":[{"start":{"line":126,"column":2},"end":{"line":126,"column":2}},{"start":{"line":126,"column":2},"end":{"line":126,"column":2}}]},"6":{"line":130,"type":"if","locations":[{"start":{"line":130,"column":2},"end":{"line":130,"column":2}},{"start":{"line":130,"column":2},"end":{"line":130,"column":2}}]},"7":{"line":130,"type":"binary-expr","locations":[{"start":{"line":130,"column":6},"end":{"line":130,"column":27}},{"start":{"line":130,"column":31},"end":{"line":130,"column":45}}]}}},"/Users/bryannissen/Projects/Personal/project-timesheet/server/routes.js":{"path":"/Users/bryannissen/Projects/Personal/project-timesheet/server/routes.js","s":{"1":1,"2":2,"3":1,"4":1,"5":1,"6":1,"7":1,"8":1,"9":1,"10":1,"11":1,"12":1,"13":0},"b":{"1":[0,2],"2":[2,2]},"f":{"1":2,"2":1,"3":0},"fnMap":{"1":{"name":"_interopRequireDefault","line":9,"loc":{"start":{"line":9,"column":0},"end":{"line":9,"column":37}},"skip":true},"2":{"name":"(anonymous_2)","line":19,"loc":{"start":{"line":19,"column":17},"end":{"line":19,"column":32}}},"3":{"name":"(anonymous_3)","line":31,"loc":{"start":{"line":31,"column":22},"end":{"line":31,"column":42}}}},"statementMap":{"1":{"start":{"line":9,"column":0},"end":{"line":9,"column":97},"skip":true},"2":{"start":{"line":9,"column":39},"end":{"line":9,"column":95},"skip":true},"3":{"start":{"line":11,"column":0},"end":{"line":11,"column":55}},"4":{"start":{"line":13,"column":0},"end":{"line":13,"column":67}},"5":{"start":{"line":15,"column":0},"end":{"line":15,"column":28}},"6":{"start":{"line":17,"column":0},"end":{"line":17,"column":43}},"7":{"start":{"line":19,"column":0},"end":{"line":34,"column":2}},"8":{"start":{"line":22,"column":2},"end":{"line":22,"column":49}},"9":{"start":{"line":23,"column":2},"end":{"line":23,"column":47}},"10":{"start":{"line":25,"column":2},"end":{"line":25,"column":38}},"11":{"start":{"line":28,"column":2},"end":{"line":28,"column":112}},"12":{"start":{"line":31,"column":2},"end":{"line":33,"column":5}},"13":{"start":{"line":32,"column":4},"end":{"line":32,"column":80}}},"branchMap":{"1":{"line":9,"type":"cond-expr","locations":[{"start":{"line":9,"column":70},"end":{"line":9,"column":73},"skip":true},{"start":{"line":9,"column":76},"end":{"line":9,"column":94},"skip":true}]},"2":{"line":9,"type":"binary-expr","locations":[{"start":{"line":9,"column":46},"end":{"line":9,"column":49},"skip":true},{"start":{"line":9,"column":53},"end":{"line":9,"column":67},"skip":true}]}}},"/Users/bryannissen/Projects/Personal/project-timesheet/server/components/errors/index.js":{"path":"/Users/bryannissen/Projects/Personal/project-timesheet/server/components/errors/index.js","s":{"1":1,"2":0,"3":0,"4":0,"5":0,"6":0,"7":0,"8":0,"9":0},"b":{"1":[0,0]},"f":{"1":0,"2":0},"fnMap":{"1":{"name":"pageNotFound","line":7,"loc":{"start":{"line":7,"column":22},"end":{"line":7,"column":54}}},"2":{"name":"(anonymous_2)","line":15,"loc":{"start":{"line":15,"column":31},"end":{"line":15,"column":52}}}},"statementMap":{"1":{"start":{"line":7,"column":0},"end":{"line":22,"column":2}},"2":{"start":{"line":8,"column":2},"end":{"line":8,"column":27}},"3":{"start":{"line":9,"column":2},"end":{"line":9,"column":23}},"4":{"start":{"line":10,"column":2},"end":{"line":12,"column":4}},"5":{"start":{"line":14,"column":2},"end":{"line":14,"column":28}},"6":{"start":{"line":15,"column":2},"end":{"line":21,"column":5}},"7":{"start":{"line":16,"column":4},"end":{"line":18,"column":5}},"8":{"start":{"line":17,"column":6},"end":{"line":17,"column":45}},"9":{"start":{"line":20,"column":4},"end":{"line":20,"column":19}}},"branchMap":{"1":{"line":16,"type":"if","locations":[{"start":{"line":16,"column":4},"end":{"line":16,"column":4}},{"start":{"line":16,"column":4},"end":{"line":16,"column":4}}]}}},"/Users/bryannissen/Projects/Personal/project-timesheet/server/api/thing/index.js":{"path":"/Users/bryannissen/Projects/Personal/project-timesheet/server/api/thing/index.js","s":{"1":1,"2":1,"3":1,"4":1,"5":1,"6":1,"7":1,"8":1,"9":1,"10":1},"b":{},"f":{},"fnMap":{},"statementMap":{"1":{"start":{"line":3,"column":0},"end":{"line":3,"column":33}},"2":{"start":{"line":4,"column":0},"end":{"line":4,"column":47}},"3":{"start":{"line":6,"column":0},"end":{"line":6,"column":30}},"4":{"start":{"line":8,"column":0},"end":{"line":8,"column":34}},"5":{"start":{"line":9,"column":0},"end":{"line":9,"column":36}},"6":{"start":{"line":10,"column":0},"end":{"line":10,"column":36}},"7":{"start":{"line":11,"column":0},"end":{"line":11,"column":38}},"8":{"start":{"line":12,"column":0},"end":{"line":12,"column":40}},"9":{"start":{"line":13,"column":0},"end":{"line":13,"column":45}},"10":{"start":{"line":15,"column":0},"end":{"line":15,"column":24}}},"branchMap":{}},"/Users/bryannissen/Projects/Personal/project-timesheet/server/api/thing/thing.controller.js":{"path":"/Users/bryannissen/Projects/Personal/project-timesheet/server/api/thing/thing.controller.js","s":{"1":1,"2":1,"3":1,"4":6,"5":6,"6":0,"7":1,"8":4,"9":4,"10":4,"11":4,"12":1,"13":4,"14":4,"15":1,"16":1,"17":3,"18":1,"19":1,"20":1,"21":1,"22":1,"23":1,"24":2,"25":2,"26":1,"27":1,"28":1,"29":1,"30":1,"31":1,"32":1,"33":1,"34":1,"35":1,"36":0,"37":1,"38":1,"39":2},"b":{"1":[6,6],"2":[4,3],"3":[4,0],"4":[1,3],"5":[1,1],"6":[0,1]},"f":{"1":6,"2":0,"3":4,"4":4,"5":4,"6":4,"7":1,"8":1,"9":1,"10":2,"11":2,"12":1,"13":1,"14":1,"15":1,"16":1,"17":2},"fnMap":{"1":{"name":"handleError","line":15,"loc":{"start":{"line":15,"column":0},"end":{"line":15,"column":38}}},"2":{"name":"(anonymous_2)","line":17,"loc":{"start":{"line":17,"column":9},"end":{"line":17,"column":24}}},"3":{"name":"responseWithResult","line":22,"loc":{"start":{"line":22,"column":0},"end":{"line":22,"column":45}}},"4":{"name":"(anonymous_4)","line":24,"loc":{"start":{"line":24,"column":9},"end":{"line":24,"column":27}}},"5":{"name":"handleEntityNotFound","line":31,"loc":{"start":{"line":31,"column":0},"end":{"line":31,"column":35}}},"6":{"name":"(anonymous_6)","line":32,"loc":{"start":{"line":32,"column":9},"end":{"line":32,"column":27}}},"7":{"name":"saveUpdates","line":41,"loc":{"start":{"line":41,"column":0},"end":{"line":41,"column":30}}},"8":{"name":"(anonymous_8)","line":42,"loc":{"start":{"line":42,"column":9},"end":{"line":42,"column":27}}},"9":{"name":"(anonymous_9)","line":44,"loc":{"start":{"line":44,"column":38},"end":{"line":44,"column":57}}},"10":{"name":"removeEntity","line":50,"loc":{"start":{"line":50,"column":0},"end":{"line":50,"column":27}}},"11":{"name":"(anonymous_11)","line":51,"loc":{"start":{"line":51,"column":9},"end":{"line":51,"column":27}}},"12":{"name":"(anonymous_12)","line":53,"loc":{"start":{"line":53,"column":39},"end":{"line":53,"column":51}}},"13":{"name":"(anonymous_13)","line":61,"loc":{"start":{"line":61,"column":16},"end":{"line":61,"column":36}}},"14":{"name":"(anonymous_14)","line":66,"loc":{"start":{"line":66,"column":15},"end":{"line":66,"column":35}}},"15":{"name":"(anonymous_15)","line":71,"loc":{"start":{"line":71,"column":17},"end":{"line":71,"column":37}}},"16":{"name":"(anonymous_16)","line":76,"loc":{"start":{"line":76,"column":17},"end":{"line":76,"column":37}}},"17":{"name":"(anonymous_17)","line":84,"loc":{"start":{"line":84,"column":18},"end":{"line":84,"column":38}}}},"statementMap":{"1":{"start":{"line":12,"column":0},"end":{"line":12,"column":26}},"2":{"start":{"line":13,"column":0},"end":{"line":13,"column":37}},"3":{"start":{"line":15,"column":0},"end":{"line":20,"column":1}},"4":{"start":{"line":16,"column":2},"end":{"line":16,"column":33}},"5":{"start":{"line":17,"column":2},"end":{"line":19,"column":4}},"6":{"start":{"line":18,"column":4},"end":{"line":18,"column":37}},"7":{"start":{"line":22,"column":0},"end":{"line":29,"column":1}},"8":{"start":{"line":23,"column":2},"end":{"line":23,"column":33}},"9":{"start":{"line":24,"column":2},"end":{"line":28,"column":4}},"10":{"start":{"line":25,"column":4},"end":{"line":27,"column":5}},"11":{"start":{"line":26,"column":6},"end":{"line":26,"column":42}},"12":{"start":{"line":31,"column":0},"end":{"line":39,"column":1}},"13":{"start":{"line":32,"column":2},"end":{"line":38,"column":4}},"14":{"start":{"line":33,"column":4},"end":{"line":36,"column":5}},"15":{"start":{"line":34,"column":6},"end":{"line":34,"column":28}},"16":{"start":{"line":35,"column":6},"end":{"line":35,"column":18}},"17":{"start":{"line":37,"column":4},"end":{"line":37,"column":18}},"18":{"start":{"line":41,"column":0},"end":{"line":48,"column":1}},"19":{"start":{"line":42,"column":2},"end":{"line":47,"column":4}},"20":{"start":{"line":43,"column":4},"end":{"line":43,"column":43}},"21":{"start":{"line":44,"column":4},"end":{"line":46,"column":7}},"22":{"start":{"line":45,"column":6},"end":{"line":45,"column":21}},"23":{"start":{"line":50,"column":0},"end":{"line":58,"column":1}},"24":{"start":{"line":51,"column":2},"end":{"line":57,"column":4}},"25":{"start":{"line":52,"column":4},"end":{"line":56,"column":5}},"26":{"start":{"line":53,"column":6},"end":{"line":55,"column":9}},"27":{"start":{"line":54,"column":8},"end":{"line":54,"column":30}},"28":{"start":{"line":61,"column":0},"end":{"line":63,"column":2}},"29":{"start":{"line":62,"column":2},"end":{"line":62,"column":77}},"30":{"start":{"line":66,"column":0},"end":{"line":68,"column":2}},"31":{"start":{"line":67,"column":2},"end":{"line":67,"column":126}},"32":{"start":{"line":71,"column":0},"end":{"line":73,"column":2}},"33":{"start":{"line":72,"column":2},"end":{"line":72,"column":92}},"34":{"start":{"line":76,"column":0},"end":{"line":81,"column":2}},"35":{"start":{"line":77,"column":2},"end":{"line":79,"column":3}},"36":{"start":{"line":78,"column":4},"end":{"line":78,"column":24}},"37":{"start":{"line":80,"column":2},"end":{"line":80,"column":154}},"38":{"start":{"line":84,"column":0},"end":{"line":86,"column":2}},"39":{"start":{"line":85,"column":2},"end":{"line":85,"column":120}}},"branchMap":{"1":{"line":16,"type":"binary-expr","locations":[{"start":{"line":16,"column":15},"end":{"line":16,"column":25}},{"start":{"line":16,"column":29},"end":{"line":16,"column":32}}]},"2":{"line":23,"type":"binary-expr","locations":[{"start":{"line":23,"column":15},"end":{"line":23,"column":25}},{"start":{"line":23,"column":29},"end":{"line":23,"column":32}}]},"3":{"line":25,"type":"if","locations":[{"start":{"line":25,"column":4},"end":{"line":25,"column":4}},{"start":{"line":25,"column":4},"end":{"line":25,"column":4}}]},"4":{"line":33,"type":"if","locations":[{"start":{"line":33,"column":4},"end":{"line":33,"column":4}},{"start":{"line":33,"column":4},"end":{"line":33,"column":4}}]},"5":{"line":52,"type":"if","locations":[{"start":{"line":52,"column":4},"end":{"line":52,"column":4}},{"start":{"line":52,"column":4},"end":{"line":52,"column":4}}]},"6":{"line":77,"type":"if","locations":[{"start":{"line":77,"column":2},"end":{"line":77,"column":2}},{"start":{"line":77,"column":2},"end":{"line":77,"column":2}}]}}},"/Users/bryannissen/Projects/Personal/project-timesheet/server/api/thing/thing.model.js":{"path":"/Users/bryannissen/Projects/Personal/project-timesheet/server/api/thing/thing.model.js","s":{"1":1,"2":1,"3":1,"4":1},"b":{},"f":{},"fnMap":{},"statementMap":{"1":{"start":{"line":3,"column":0},"end":{"line":3,"column":69}},"2":{"start":{"line":4,"column":0},"end":{"line":4,"column":29}},"3":{"start":{"line":6,"column":0},"end":{"line":10,"column":3}},"4":{"start":{"line":12,"column":0},"end":{"line":12,"column":54}}},"branchMap":{}},"/Users/bryannissen/Projects/Personal/project-timesheet/server/api/user/index.js":{"path":"/Users/bryannissen/Projects/Personal/project-timesheet/server/api/user/index.js","s":{"1":1,"2":3,"3":1,"4":1,"5":1,"6":1,"7":1,"8":1,"9":1,"10":1,"11":1,"12":1,"13":1,"14":1,"15":1,"16":1},"b":{"1":[0,3],"2":[3,3]},"f":{"1":3},"fnMap":{"1":{"name":"_interopRequireDefault","line":5,"loc":{"start":{"line":5,"column":0},"end":{"line":5,"column":37}},"skip":true}},"statementMap":{"1":{"start":{"line":5,"column":0},"end":{"line":5,"column":97},"skip":true},"2":{"start":{"line":5,"column":39},"end":{"line":5,"column":95},"skip":true},"3":{"start":{"line":7,"column":0},"end":{"line":7,"column":34}},"4":{"start":{"line":9,"column":0},"end":{"line":9,"column":49}},"5":{"start":{"line":11,"column":0},"end":{"line":11,"column":51}},"6":{"start":{"line":13,"column":0},"end":{"line":13,"column":63}},"7":{"start":{"line":15,"column":0},"end":{"line":15,"column":58}},"8":{"start":{"line":17,"column":0},"end":{"line":17,"column":65}},"9":{"start":{"line":19,"column":0},"end":{"line":19,"column":43}},"10":{"start":{"line":21,"column":0},"end":{"line":21,"column":98}},"11":{"start":{"line":22,"column":0},"end":{"line":22,"column":109}},"12":{"start":{"line":23,"column":0},"end":{"line":23,"column":98}},"13":{"start":{"line":24,"column":0},"end":{"line":24,"column":120}},"14":{"start":{"line":25,"column":0},"end":{"line":25,"column":101}},"15":{"start":{"line":26,"column":0},"end":{"line":26,"column":53}},"16":{"start":{"line":28,"column":0},"end":{"line":28,"column":24}}},"branchMap":{"1":{"line":5,"type":"cond-expr","locations":[{"start":{"line":5,"column":70},"end":{"line":5,"column":73},"skip":true},{"start":{"line":5,"column":76},"end":{"line":5,"column":94},"skip":true}]},"2":{"line":5,"type":"binary-expr","locations":[{"start":{"line":5,"column":46},"end":{"line":5,"column":49},"skip":true},{"start":{"line":5,"column":53},"end":{"line":5,"column":67},"skip":true}]}}},"/Users/bryannissen/Projects/Personal/project-timesheet/server/api/user/user.controller.js":{"path":"/Users/bryannissen/Projects/Personal/project-timesheet/server/api/user/user.controller.js","s":{"1":1,"2":4,"3":1,"4":1,"5":1,"6":1,"7":1,"8":1,"9":1,"10":1,"11":1,"12":0,"13":0,"14":0,"15":1,"16":0,"17":0,"18":0,"19":1,"20":0,"21":0,"22":0,"23":1,"24":0,"25":0,"26":1,"27":0,"28":0,"29":0,"30":0,"31":0,"32":0,"33":1,"34":0,"35":0,"36":0,"37":0,"38":0,"39":0,"40":1,"41":0,"42":0,"43":1,"44":0,"45":0,"46":0,"47":0,"48":0,"49":0,"50":0,"51":0,"52":0,"53":1,"54":1,"55":1,"56":1,"57":0,"58":1,"59":0,"60":1,"61":0},"b":{"1":[0,4],"2":[4,4],"3":[0,0],"4":[0,0],"5":[0,0],"6":[0,0],"7":[0,0],"8":[0,1]},"f":{"1":4,"2":0,"3":0,"4":0,"5":0,"6":0,"7":0,"8":0,"9":0,"10":0,"11":0,"12":0,"13":0,"14":0,"15":0,"16":0,"17":0,"18":0,"19":0,"20":1,"21":1,"22":0,"23":0},"fnMap":{"1":{"name":"_interopRequireDefault","line":5,"loc":{"start":{"line":5,"column":0},"end":{"line":5,"column":37}},"skip":true},"2":{"name":"validationError","line":23,"loc":{"start":{"line":23,"column":0},"end":{"line":23,"column":42}}},"3":{"name":"(anonymous_3)","line":25,"loc":{"start":{"line":25,"column":9},"end":{"line":25,"column":24}}},"4":{"name":"handleError","line":30,"loc":{"start":{"line":30,"column":0},"end":{"line":30,"column":38}}},"5":{"name":"(anonymous_5)","line":32,"loc":{"start":{"line":32,"column":9},"end":{"line":32,"column":24}}},"6":{"name":"respondWith","line":37,"loc":{"start":{"line":37,"column":0},"end":{"line":37,"column":38}}},"7":{"name":"(anonymous_7)","line":39,"loc":{"start":{"line":39,"column":9},"end":{"line":39,"column":21}}},"8":{"name":"(anonymous_8)","line":48,"loc":{"start":{"line":48,"column":16},"end":{"line":48,"column":36}}},"9":{"name":"(anonymous_9)","line":49,"loc":{"start":{"line":49,"column":69},"end":{"line":49,"column":86}}},"10":{"name":"(anonymous_10)","line":57,"loc":{"start":{"line":57,"column":17},"end":{"line":57,"column":43}}},"11":{"name":"(anonymous_11)","line":61,"loc":{"start":{"line":61,"column":29},"end":{"line":61,"column":45}}},"12":{"name":"(anonymous_12)","line":72,"loc":{"start":{"line":72,"column":15},"end":{"line":72,"column":41}}},"13":{"name":"(anonymous_13)","line":75,"loc":{"start":{"line":75,"column":52},"end":{"line":75,"column":68}}},"14":{"name":"(anonymous_14)","line":80,"loc":{"start":{"line":80,"column":14},"end":{"line":80,"column":29}}},"15":{"name":"(anonymous_15)","line":89,"loc":{"start":{"line":89,"column":18},"end":{"line":89,"column":38}}},"16":{"name":"(anonymous_16)","line":90,"loc":{"start":{"line":90,"column":68},"end":{"line":90,"column":80}}},"17":{"name":"(anonymous_17)","line":98,"loc":{"start":{"line":98,"column":25},"end":{"line":98,"column":51}}},"18":{"name":"(anonymous_18)","line":103,"loc":{"start":{"line":103,"column":52},"end":{"line":103,"column":68}}},"19":{"name":"(anonymous_19)","line":106,"loc":{"start":{"line":106,"column":35},"end":{"line":106,"column":47}}},"20":{"name":"(anonymous_20)","line":118,"loc":{"start":{"line":118,"column":13},"end":{"line":118,"column":39}}},"21":{"name":"(anonymous_21)","line":121,"loc":{"start":{"line":121,"column":85},"end":{"line":121,"column":101}}},"22":{"name":"(anonymous_22)","line":127,"loc":{"start":{"line":127,"column":14},"end":{"line":127,"column":29}}},"23":{"name":"(anonymous_23)","line":135,"loc":{"start":{"line":135,"column":23},"end":{"line":135,"column":49}}}},"statementMap":{"1":{"start":{"line":5,"column":0},"end":{"line":5,"column":97},"skip":true},"2":{"start":{"line":5,"column":39},"end":{"line":5,"column":95},"skip":true},"3":{"start":{"line":7,"column":0},"end":{"line":7,"column":41}},"4":{"start":{"line":9,"column":0},"end":{"line":9,"column":53}},"5":{"start":{"line":11,"column":0},"end":{"line":11,"column":36}},"6":{"start":{"line":13,"column":0},"end":{"line":13,"column":51}},"7":{"start":{"line":15,"column":0},"end":{"line":15,"column":61}},"8":{"start":{"line":17,"column":0},"end":{"line":17,"column":69}},"9":{"start":{"line":19,"column":0},"end":{"line":19,"column":44}},"10":{"start":{"line":21,"column":0},"end":{"line":21,"column":59}},"11":{"start":{"line":23,"column":0},"end":{"line":28,"column":1}},"12":{"start":{"line":24,"column":2},"end":{"line":24,"column":33}},"13":{"start":{"line":25,"column":2},"end":{"line":27,"column":4}},"14":{"start":{"line":26,"column":4},"end":{"line":26,"column":37}},"15":{"start":{"line":30,"column":0},"end":{"line":35,"column":1}},"16":{"start":{"line":31,"column":2},"end":{"line":31,"column":33}},"17":{"start":{"line":32,"column":2},"end":{"line":34,"column":4}},"18":{"start":{"line":33,"column":4},"end":{"line":33,"column":37}},"19":{"start":{"line":37,"column":0},"end":{"line":42,"column":1}},"20":{"start":{"line":38,"column":2},"end":{"line":38,"column":33}},"21":{"start":{"line":39,"column":2},"end":{"line":41,"column":4}},"22":{"start":{"line":40,"column":4},"end":{"line":40,"column":33}},"23":{"start":{"line":48,"column":0},"end":{"line":52,"column":2}},"24":{"start":{"line":49,"column":2},"end":{"line":51,"column":32}},"25":{"start":{"line":50,"column":4},"end":{"line":50,"column":32}},"26":{"start":{"line":57,"column":0},"end":{"line":67,"column":2}},"27":{"start":{"line":58,"column":2},"end":{"line":58,"column":53}},"28":{"start":{"line":59,"column":2},"end":{"line":59,"column":29}},"29":{"start":{"line":60,"column":2},"end":{"line":60,"column":24}},"30":{"start":{"line":61,"column":2},"end":{"line":66,"column":36}},"31":{"start":{"line":62,"column":4},"end":{"line":64,"column":7}},"32":{"start":{"line":65,"column":4},"end":{"line":65,"column":31}},"33":{"start":{"line":72,"column":0},"end":{"line":83,"column":2}},"34":{"start":{"line":73,"column":2},"end":{"line":73,"column":29}},"35":{"start":{"line":75,"column":2},"end":{"line":82,"column":5}},"36":{"start":{"line":76,"column":4},"end":{"line":78,"column":5}},"37":{"start":{"line":77,"column":6},"end":{"line":77,"column":35}},"38":{"start":{"line":79,"column":4},"end":{"line":79,"column":27}},"39":{"start":{"line":81,"column":4},"end":{"line":81,"column":21}},"40":{"start":{"line":89,"column":0},"end":{"line":93,"column":2}},"41":{"start":{"line":90,"column":2},"end":{"line":92,"column":32}},"42":{"start":{"line":91,"column":4},"end":{"line":91,"column":26}},"43":{"start":{"line":98,"column":0},"end":{"line":113,"column":2}},"44":{"start":{"line":99,"column":2},"end":{"line":99,"column":28}},"45":{"start":{"line":100,"column":2},"end":{"line":100,"column":45}},"46":{"start":{"line":101,"column":2},"end":{"line":101,"column":45}},"47":{"start":{"line":103,"column":2},"end":{"line":112,"column":5}},"48":{"start":{"line":104,"column":4},"end":{"line":111,"column":5}},"49":{"start":{"line":105,"column":6},"end":{"line":105,"column":30}},"50":{"start":{"line":106,"column":6},"end":{"line":108,"column":40}},"51":{"start":{"line":107,"column":8},"end":{"line":107,"column":30}},"52":{"start":{"line":110,"column":6},"end":{"line":110,"column":35}},"53":{"start":{"line":118,"column":0},"end":{"line":130,"column":2}},"54":{"start":{"line":119,"column":2},"end":{"line":119,"column":28}},"55":{"start":{"line":121,"column":2},"end":{"line":129,"column":5}},"56":{"start":{"line":123,"column":4},"end":{"line":125,"column":5}},"57":{"start":{"line":124,"column":6},"end":{"line":124,"column":35}},"58":{"start":{"line":126,"column":4},"end":{"line":126,"column":19}},"59":{"start":{"line":128,"column":4},"end":{"line":128,"column":21}},"60":{"start":{"line":135,"column":0},"end":{"line":137,"column":2}},"61":{"start":{"line":136,"column":2},"end":{"line":136,"column":20}}},"branchMap":{"1":{"line":5,"type":"cond-expr","locations":[{"start":{"line":5,"column":70},"end":{"line":5,"column":73},"skip":true},{"start":{"line":5,"column":76},"end":{"line":5,"column":94},"skip":true}]},"2":{"line":5,"type":"binary-expr","locations":[{"start":{"line":5,"column":46},"end":{"line":5,"column":49},"skip":true},{"start":{"line":5,"column":53},"end":{"line":5,"column":67},"skip":true}]},"3":{"line":24,"type":"binary-expr","locations":[{"start":{"line":24,"column":15},"end":{"line":24,"column":25}},{"start":{"line":24,"column":29},"end":{"line":24,"column":32}}]},"4":{"line":31,"type":"binary-expr","locations":[{"start":{"line":31,"column":15},"end":{"line":31,"column":25}},{"start":{"line":31,"column":29},"end":{"line":31,"column":32}}]},"5":{"line":38,"type":"binary-expr","locations":[{"start":{"line":38,"column":15},"end":{"line":38,"column":25}},{"start":{"line":38,"column":29},"end":{"line":38,"column":32}}]},"6":{"line":76,"type":"if","locations":[{"start":{"line":76,"column":4},"end":{"line":76,"column":4}},{"start":{"line":76,"column":4},"end":{"line":76,"column":4}}]},"7":{"line":104,"type":"if","locations":[{"start":{"line":104,"column":4},"end":{"line":104,"column":4}},{"start":{"line":104,"column":4},"end":{"line":104,"column":4}}]},"8":{"line":123,"type":"if","locations":[{"start":{"line":123,"column":4},"end":{"line":123,"column":4}},{"start":{"line":123,"column":4},"end":{"line":123,"column":4}}]}}},"/Users/bryannissen/Projects/Personal/project-timesheet/server/api/user/user.model.js":{"path":"/Users/bryannissen/Projects/Personal/project-timesheet/server/api/user/user.model.js","s":{"1":1,"2":1,"3":1,"4":1,"5":1,"6":1,"7":1,"8":1,"9":1,"10":0,"11":1,"12":0,"13":1,"14":1,"15":0,"16":1,"17":1,"18":1,"19":0,"20":1,"21":1,"22":1,"23":1,"24":1,"25":0,"26":0,"27":0,"28":1,"29":0,"30":1,"31":1,"32":1,"33":1,"34":1,"35":0,"36":1,"37":1,"38":1,"39":0,"40":1,"41":1,"42":1,"43":0,"44":1,"45":1,"46":0,"47":1,"48":1,"49":0,"50":1,"51":1,"52":1,"53":0,"54":1,"55":1,"56":0,"57":1,"58":1,"59":1,"60":1,"61":0,"62":0,"63":1,"64":0,"65":1,"66":0,"67":1,"68":1,"69":0,"70":1,"71":2,"72":0,"73":2,"74":2,"75":2,"76":2,"77":0,"78":2,"79":2,"80":0,"81":2,"82":1},"b":{"1":[0,1],"2":[1,1],"3":[0,1],"4":[0,1],"5":[0,1],"6":[0,0],"7":[1,1],"8":[1,0],"9":[0,1],"10":[1,0],"11":[0,1],"12":[0,1],"13":[0,1],"14":[0,1],"15":[1,0],"16":[1,0],"17":[0,0],"18":[0,1],"19":[0,1],"20":[0,1],"21":[0,2],"22":[2,2],"23":[0,2],"24":[0,2]},"f":{"1":1,"2":0,"3":0,"4":1,"5":1,"6":1,"7":1,"8":0,"9":1,"10":1,"11":1,"12":1,"13":1,"14":1,"15":1,"16":1,"17":2,"18":2},"fnMap":{"1":{"name":"_interopRequireDefault","line":5,"loc":{"start":{"line":5,"column":0},"end":{"line":5,"column":37}},"skip":true},"2":{"name":"(anonymous_2)","line":39,"loc":{"start":{"line":39,"column":34},"end":{"line":39,"column":46}}},"3":{"name":"(anonymous_3)","line":47,"loc":{"start":{"line":47,"column":32},"end":{"line":47,"column":44}}},"4":{"name":"(anonymous_4)","line":59,"loc":{"start":{"line":59,"column":34},"end":{"line":59,"column":51}}},"5":{"name":"(anonymous_5)","line":67,"loc":{"start":{"line":67,"column":37},"end":{"line":67,"column":57}}},"6":{"name":"(anonymous_6)","line":75,"loc":{"start":{"line":75,"column":34},"end":{"line":75,"column":60}}},"7":{"name":"(anonymous_7)","line":77,"loc":{"start":{"line":77,"column":62},"end":{"line":77,"column":78}}},"8":{"name":"(anonymous_8)","line":85,"loc":{"start":{"line":85,"column":14},"end":{"line":85,"column":29}}},"9":{"name":"validatePresenceOf","line":90,"loc":{"start":{"line":90,"column":25},"end":{"line":90,"column":60}}},"10":{"name":"(anonymous_10)","line":97,"loc":{"start":{"line":97,"column":23},"end":{"line":97,"column":39}}},"11":{"name":"(anonymous_11)","line":106,"loc":{"start":{"line":106,"column":18},"end":{"line":106,"column":43}}},"12":{"name":"(anonymous_12)","line":111,"loc":{"start":{"line":111,"column":44},"end":{"line":111,"column":82}}},"13":{"name":"authenticate","line":136,"loc":{"start":{"line":136,"column":16},"end":{"line":136,"column":58}}},"14":{"name":"(anonymous_14)","line":142,"loc":{"start":{"line":142,"column":35},"end":{"line":142,"column":58}}},"15":{"name":"makeSalt","line":163,"loc":{"start":{"line":163,"column":12},"end":{"line":163,"column":50}}},"16":{"name":"(anonymous_16)","line":181,"loc":{"start":{"line":181,"column":53},"end":{"line":181,"column":74}}},"17":{"name":"encryptPassword","line":197,"loc":{"start":{"line":197,"column":19},"end":{"line":197,"column":64}}},"18":{"name":"(anonymous_18)","line":210,"loc":{"start":{"line":210,"column":91},"end":{"line":210,"column":111}}}},"statementMap":{"1":{"start":{"line":5,"column":0},"end":{"line":5,"column":97},"skip":true},"2":{"start":{"line":5,"column":39},"end":{"line":5,"column":95},"skip":true},"3":{"start":{"line":7,"column":0},"end":{"line":7,"column":32}},"4":{"start":{"line":9,"column":0},"end":{"line":9,"column":47}},"5":{"start":{"line":11,"column":0},"end":{"line":11,"column":69}},"6":{"start":{"line":12,"column":0},"end":{"line":12,"column":29}},"7":{"start":{"line":13,"column":0},"end":{"line":13,"column":60}},"8":{"start":{"line":15,"column":0},"end":{"line":32,"column":3}},"9":{"start":{"line":39,"column":0},"end":{"line":44,"column":3}},"10":{"start":{"line":40,"column":2},"end":{"line":43,"column":4}},"11":{"start":{"line":47,"column":0},"end":{"line":52,"column":3}},"12":{"start":{"line":48,"column":2},"end":{"line":51,"column":4}},"13":{"start":{"line":59,"column":0},"end":{"line":64,"column":28}},"14":{"start":{"line":60,"column":2},"end":{"line":62,"column":3}},"15":{"start":{"line":61,"column":4},"end":{"line":61,"column":16}},"16":{"start":{"line":63,"column":2},"end":{"line":63,"column":22}},"17":{"start":{"line":67,"column":0},"end":{"line":72,"column":31}},"18":{"start":{"line":68,"column":2},"end":{"line":70,"column":3}},"19":{"start":{"line":69,"column":4},"end":{"line":69,"column":16}},"20":{"start":{"line":71,"column":2},"end":{"line":71,"column":25}},"21":{"start":{"line":75,"column":0},"end":{"line":88,"column":53}},"22":{"start":{"line":76,"column":2},"end":{"line":76,"column":18}},"23":{"start":{"line":77,"column":2},"end":{"line":87,"column":5}},"24":{"start":{"line":78,"column":4},"end":{"line":83,"column":5}},"25":{"start":{"line":79,"column":6},"end":{"line":81,"column":7}},"26":{"start":{"line":80,"column":8},"end":{"line":80,"column":29}},"27":{"start":{"line":82,"column":6},"end":{"line":82,"column":28}},"28":{"start":{"line":84,"column":4},"end":{"line":84,"column":25}},"29":{"start":{"line":86,"column":4},"end":{"line":86,"column":14}},"30":{"start":{"line":90,"column":0},"end":{"line":92,"column":2}},"31":{"start":{"line":91,"column":2},"end":{"line":91,"column":31}},"32":{"start":{"line":97,"column":0},"end":{"line":122,"column":3}},"33":{"start":{"line":99,"column":2},"end":{"line":121,"column":3}},"34":{"start":{"line":100,"column":4},"end":{"line":102,"column":5}},"35":{"start":{"line":101,"column":6},"end":{"line":101,"column":42}},"36":{"start":{"line":105,"column":4},"end":{"line":105,"column":21}},"37":{"start":{"line":106,"column":4},"end":{"line":118,"column":7}},"38":{"start":{"line":107,"column":6},"end":{"line":109,"column":7}},"39":{"start":{"line":108,"column":8},"end":{"line":108,"column":22}},"40":{"start":{"line":110,"column":6},"end":{"line":110,"column":24}},"41":{"start":{"line":111,"column":6},"end":{"line":117,"column":9}},"42":{"start":{"line":112,"column":8},"end":{"line":114,"column":9}},"43":{"start":{"line":113,"column":10},"end":{"line":113,"column":27}},"44":{"start":{"line":115,"column":8},"end":{"line":115,"column":40}},"45":{"start":{"line":116,"column":8},"end":{"line":116,"column":15}},"46":{"start":{"line":120,"column":4},"end":{"line":120,"column":11}},"47":{"start":{"line":127,"column":0},"end":{"line":217,"column":2}},"48":{"start":{"line":137,"column":4},"end":{"line":139,"column":5}},"49":{"start":{"line":138,"column":6},"end":{"line":138,"column":62}},"50":{"start":{"line":141,"column":4},"end":{"line":141,"column":21}},"51":{"start":{"line":142,"column":4},"end":{"line":152,"column":7}},"52":{"start":{"line":143,"column":6},"end":{"line":145,"column":7}},"53":{"start":{"line":144,"column":8},"end":{"line":144,"column":22}},"54":{"start":{"line":147,"column":6},"end":{"line":151,"column":7}},"55":{"start":{"line":148,"column":8},"end":{"line":148,"column":29}},"56":{"start":{"line":150,"column":8},"end":{"line":150,"column":30}},"57":{"start":{"line":164,"column":4},"end":{"line":164,"column":29}},"58":{"start":{"line":166,"column":4},"end":{"line":171,"column":5}},"59":{"start":{"line":167,"column":6},"end":{"line":167,"column":30}},"60":{"start":{"line":168,"column":6},"end":{"line":168,"column":33}},"61":{"start":{"line":169,"column":11},"end":{"line":171,"column":5}},"62":{"start":{"line":170,"column":6},"end":{"line":170,"column":30}},"63":{"start":{"line":173,"column":4},"end":{"line":175,"column":5}},"64":{"start":{"line":174,"column":6},"end":{"line":174,"column":33}},"65":{"start":{"line":177,"column":4},"end":{"line":179,"column":5}},"66":{"start":{"line":178,"column":6},"end":{"line":178,"column":74}},"67":{"start":{"line":181,"column":4},"end":{"line":186,"column":7}},"68":{"start":{"line":182,"column":6},"end":{"line":184,"column":7}},"69":{"start":{"line":183,"column":8},"end":{"line":183,"column":22}},"70":{"start":{"line":185,"column":6},"end":{"line":185,"column":53}},"71":{"start":{"line":198,"column":4},"end":{"line":200,"column":5}},"72":{"start":{"line":199,"column":6},"end":{"line":199,"column":18}},"73":{"start":{"line":202,"column":4},"end":{"line":202,"column":34}},"74":{"start":{"line":203,"column":4},"end":{"line":203,"column":30}},"75":{"start":{"line":204,"column":4},"end":{"line":204,"column":47}},"76":{"start":{"line":206,"column":4},"end":{"line":208,"column":5}},"77":{"start":{"line":207,"column":6},"end":{"line":207,"column":116}},"78":{"start":{"line":210,"column":4},"end":{"line":215,"column":7}},"79":{"start":{"line":211,"column":6},"end":{"line":213,"column":7}},"80":{"start":{"line":212,"column":8},"end":{"line":212,"column":22}},"81":{"start":{"line":214,"column":6},"end":{"line":214,"column":52}},"82":{"start":{"line":219,"column":0},"end":{"line":219,"column":52}}},"branchMap":{"1":{"line":5,"type":"cond-expr","locations":[{"start":{"line":5,"column":70},"end":{"line":5,"column":73},"skip":true},{"start":{"line":5,"column":76},"end":{"line":5,"column":94},"skip":true}]},"2":{"line":5,"type":"binary-expr","locations":[{"start":{"line":5,"column":46},"end":{"line":5,"column":49},"skip":true},{"start":{"line":5,"column":53},"end":{"line":5,"column":67},"skip":true}]},"3":{"line":60,"type":"if","locations":[{"start":{"line":60,"column":2},"end":{"line":60,"column":2}},{"start":{"line":60,"column":2},"end":{"line":60,"column":2}}]},"4":{"line":68,"type":"if","locations":[{"start":{"line":68,"column":2},"end":{"line":68,"column":2}},{"start":{"line":68,"column":2},"end":{"line":68,"column":2}}]},"5":{"line":78,"type":"if","locations":[{"start":{"line":78,"column":4},"end":{"line":78,"column":4}},{"start":{"line":78,"column":4},"end":{"line":78,"column":4}}]},"6":{"line":79,"type":"if","locations":[{"start":{"line":79,"column":6},"end":{"line":79,"column":6}},{"start":{"line":79,"column":6},"end":{"line":79,"column":6}}]},"7":{"line":91,"type":"binary-expr","locations":[{"start":{"line":91,"column":9},"end":{"line":91,"column":14}},{"start":{"line":91,"column":18},"end":{"line":91,"column":30}}]},"8":{"line":99,"type":"if","locations":[{"start":{"line":99,"column":2},"end":{"line":99,"column":2}},{"start":{"line":99,"column":2},"end":{"line":99,"column":2}}]},"9":{"line":100,"type":"if","locations":[{"start":{"line":100,"column":4},"end":{"line":100,"column":4}},{"start":{"line":100,"column":4},"end":{"line":100,"column":4}}]},"10":{"line":100,"type":"binary-expr","locations":[{"start":{"line":100,"column":8},"end":{"line":100,"column":42}},{"start":{"line":100,"column":46},"end":{"line":100,"column":85}}]},"11":{"line":107,"type":"if","locations":[{"start":{"line":107,"column":6},"end":{"line":107,"column":6}},{"start":{"line":107,"column":6},"end":{"line":107,"column":6}}]},"12":{"line":112,"type":"if","locations":[{"start":{"line":112,"column":8},"end":{"line":112,"column":8}},{"start":{"line":112,"column":8},"end":{"line":112,"column":8}}]},"13":{"line":137,"type":"if","locations":[{"start":{"line":137,"column":4},"end":{"line":137,"column":4}},{"start":{"line":137,"column":4},"end":{"line":137,"column":4}}]},"14":{"line":143,"type":"if","locations":[{"start":{"line":143,"column":6},"end":{"line":143,"column":6}},{"start":{"line":143,"column":6},"end":{"line":143,"column":6}}]},"15":{"line":147,"type":"if","locations":[{"start":{"line":147,"column":6},"end":{"line":147,"column":6}},{"start":{"line":147,"column":6},"end":{"line":147,"column":6}}]},"16":{"line":166,"type":"if","locations":[{"start":{"line":166,"column":4},"end":{"line":166,"column":4}},{"start":{"line":166,"column":4},"end":{"line":166,"column":4}}]},"17":{"line":169,"type":"if","locations":[{"start":{"line":169,"column":11},"end":{"line":169,"column":11}},{"start":{"line":169,"column":11},"end":{"line":169,"column":11}}]},"18":{"line":173,"type":"if","locations":[{"start":{"line":173,"column":4},"end":{"line":173,"column":4}},{"start":{"line":173,"column":4},"end":{"line":173,"column":4}}]},"19":{"line":177,"type":"if","locations":[{"start":{"line":177,"column":4},"end":{"line":177,"column":4}},{"start":{"line":177,"column":4},"end":{"line":177,"column":4}}]},"20":{"line":182,"type":"if","locations":[{"start":{"line":182,"column":6},"end":{"line":182,"column":6}},{"start":{"line":182,"column":6},"end":{"line":182,"column":6}}]},"21":{"line":198,"type":"if","locations":[{"start":{"line":198,"column":4},"end":{"line":198,"column":4}},{"start":{"line":198,"column":4},"end":{"line":198,"column":4}}]},"22":{"line":198,"type":"binary-expr","locations":[{"start":{"line":198,"column":8},"end":{"line":198,"column":17}},{"start":{"line":198,"column":21},"end":{"line":198,"column":31}}]},"23":{"line":206,"type":"if","locations":[{"start":{"line":206,"column":4},"end":{"line":206,"column":4}},{"start":{"line":206,"column":4},"end":{"line":206,"column":4}}]},"24":{"line":211,"type":"if","locations":[{"start":{"line":211,"column":6},"end":{"line":211,"column":6}},{"start":{"line":211,"column":6},"end":{"line":211,"column":6}}]}}},"/Users/bryannissen/Projects/Personal/project-timesheet/server/auth/auth.service.js":{"path":"/Users/bryannissen/Projects/Personal/project-timesheet/server/auth/auth.service.js","s":{"1":1,"2":6,"3":1,"4":1,"5":1,"6":1,"7":1,"8":1,"9":1,"10":1,"11":1,"12":1,"13":1,"14":1,"15":1,"16":1,"17":5,"18":2,"19":0,"20":2,"21":1,"22":1,"23":0,"24":1,"25":1,"26":0,"27":1,"28":2,"29":0,"30":2,"31":0,"32":0,"33":0,"34":1,"35":1,"36":1,"37":0,"38":0,"39":0,"40":0,"41":0,"42":1,"43":1,"44":1,"45":1},"b":{"1":[0,6],"2":[6,6],"3":[0,2],"4":[2,2],"5":[0,1],"6":[0,2],"7":[0,0],"8":[0,0]},"f":{"1":6,"2":5,"3":2,"4":1,"5":1,"6":0,"7":2,"8":0,"9":1,"10":0},"fnMap":{"1":{"name":"_interopRequireDefault","line":5,"loc":{"start":{"line":5,"column":0},"end":{"line":5,"column":37}},"skip":true},"2":{"name":"isAuthenticated","line":39,"loc":{"start":{"line":39,"column":0},"end":{"line":39,"column":27}}},"3":{"name":"(anonymous_3)","line":42,"loc":{"start":{"line":42,"column":7},"end":{"line":42,"column":33}}},"4":{"name":"(anonymous_4)","line":50,"loc":{"start":{"line":50,"column":7},"end":{"line":50,"column":33}}},"5":{"name":"(anonymous_5)","line":51,"loc":{"start":{"line":51,"column":67},"end":{"line":51,"column":83}}},"6":{"name":"(anonymous_6)","line":57,"loc":{"start":{"line":57,"column":16},"end":{"line":57,"column":31}}},"7":{"name":"hasRole","line":66,"loc":{"start":{"line":66,"column":0},"end":{"line":66,"column":31}}},"8":{"name":"meetsRequirements","line":71,"loc":{"start":{"line":71,"column":77},"end":{"line":71,"column":120}}},"9":{"name":"signToken","line":83,"loc":{"start":{"line":83,"column":0},"end":{"line":83,"column":29}}},"10":{"name":"setTokenCookie","line":92,"loc":{"start":{"line":92,"column":0},"end":{"line":92,"column":34}}}},"statementMap":{"1":{"start":{"line":5,"column":0},"end":{"line":5,"column":97},"skip":true},"2":{"start":{"line":5,"column":39},"end":{"line":5,"column":95},"skip":true},"3":{"start":{"line":7,"column":0},"end":{"line":7,"column":36}},"4":{"start":{"line":9,"column":0},"end":{"line":9,"column":51}},"5":{"start":{"line":11,"column":0},"end":{"line":11,"column":58}},"6":{"start":{"line":13,"column":0},"end":{"line":13,"column":69}},"7":{"start":{"line":15,"column":0},"end":{"line":15,"column":44}},"8":{"start":{"line":17,"column":0},"end":{"line":17,"column":59}},"9":{"start":{"line":19,"column":0},"end":{"line":19,"column":41}},"10":{"start":{"line":21,"column":0},"end":{"line":21,"column":55}},"11":{"start":{"line":23,"column":0},"end":{"line":23,"column":61}},"12":{"start":{"line":25,"column":0},"end":{"line":25,"column":75}},"13":{"start":{"line":27,"column":0},"end":{"line":27,"column":58}},"14":{"start":{"line":29,"column":0},"end":{"line":29,"column":67}},"15":{"start":{"line":31,"column":0},"end":{"line":33,"column":3}},"16":{"start":{"line":39,"column":0},"end":{"line":61,"column":1}},"17":{"start":{"line":40,"column":2},"end":{"line":60,"column":5}},"18":{"start":{"line":44,"column":4},"end":{"line":46,"column":5}},"19":{"start":{"line":45,"column":6},"end":{"line":45,"column":69}},"20":{"start":{"line":47,"column":4},"end":{"line":47,"column":32}},"21":{"start":{"line":51,"column":4},"end":{"line":59,"column":7}},"22":{"start":{"line":52,"column":6},"end":{"line":54,"column":7}},"23":{"start":{"line":53,"column":8},"end":{"line":53,"column":37}},"24":{"start":{"line":55,"column":6},"end":{"line":55,"column":22}},"25":{"start":{"line":56,"column":6},"end":{"line":56,"column":13}},"26":{"start":{"line":58,"column":6},"end":{"line":58,"column":23}},"27":{"start":{"line":66,"column":0},"end":{"line":78,"column":1}},"28":{"start":{"line":67,"column":2},"end":{"line":69,"column":3}},"29":{"start":{"line":68,"column":4},"end":{"line":68,"column":53}},"30":{"start":{"line":71,"column":2},"end":{"line":77,"column":5}},"31":{"start":{"line":72,"column":4},"end":{"line":76,"column":5}},"32":{"start":{"line":73,"column":6},"end":{"line":73,"column":13}},"33":{"start":{"line":75,"column":6},"end":{"line":75,"column":40}},"34":{"start":{"line":83,"column":0},"end":{"line":87,"column":1}},"35":{"start":{"line":84,"column":2},"end":{"line":86,"column":5}},"36":{"start":{"line":92,"column":0},"end":{"line":99,"column":1}},"37":{"start":{"line":93,"column":2},"end":{"line":95,"column":3}},"38":{"start":{"line":94,"column":4},"end":{"line":94,"column":75}},"39":{"start":{"line":96,"column":2},"end":{"line":96,"column":53}},"40":{"start":{"line":97,"column":2},"end":{"line":97,"column":29}},"41":{"start":{"line":98,"column":2},"end":{"line":98,"column":20}},"42":{"start":{"line":101,"column":0},"end":{"line":101,"column":42}},"43":{"start":{"line":102,"column":0},"end":{"line":102,"column":26}},"44":{"start":{"line":103,"column":0},"end":{"line":103,"column":30}},"45":{"start":{"line":104,"column":0},"end":{"line":104,"column":40}}},"branchMap":{"1":{"line":5,"type":"cond-expr","locations":[{"start":{"line":5,"column":70},"end":{"line":5,"column":73},"skip":true},{"start":{"line":5,"column":76},"end":{"line":5,"column":94},"skip":true}]},"2":{"line":5,"type":"binary-expr","locations":[{"start":{"line":5,"column":46},"end":{"line":5,"column":49},"skip":true},{"start":{"line":5,"column":53},"end":{"line":5,"column":67},"skip":true}]},"3":{"line":44,"type":"if","locations":[{"start":{"line":44,"column":4},"end":{"line":44,"column":4}},{"start":{"line":44,"column":4},"end":{"line":44,"column":4}}]},"4":{"line":44,"type":"binary-expr","locations":[{"start":{"line":44,"column":8},"end":{"line":44,"column":17}},{"start":{"line":44,"column":21},"end":{"line":44,"column":61}}]},"5":{"line":52,"type":"if","locations":[{"start":{"line":52,"column":6},"end":{"line":52,"column":6}},{"start":{"line":52,"column":6},"end":{"line":52,"column":6}}]},"6":{"line":67,"type":"if","locations":[{"start":{"line":67,"column":2},"end":{"line":67,"column":2}},{"start":{"line":67,"column":2},"end":{"line":67,"column":2}}]},"7":{"line":72,"type":"if","locations":[{"start":{"line":72,"column":4},"end":{"line":72,"column":4}},{"start":{"line":72,"column":4},"end":{"line":72,"column":4}}]},"8":{"line":93,"type":"if","locations":[{"start":{"line":93,"column":2},"end":{"line":93,"column":2}},{"start":{"line":93,"column":2},"end":{"line":93,"column":2}}]}}},"/Users/bryannissen/Projects/Personal/project-timesheet/server/auth/index.js":{"path":"/Users/bryannissen/Projects/Personal/project-timesheet/server/auth/index.js","s":{"1":1,"2":4,"3":1,"4":1,"5":1,"6":1,"7":1,"8":1,"9":1,"10":1,"11":1,"12":1,"13":1,"14":1,"15":1,"16":1,"17":1,"18":1,"19":1,"20":1},"b":{"1":[0,4],"2":[4,4]},"f":{"1":4},"fnMap":{"1":{"name":"_interopRequireDefault","line":5,"loc":{"start":{"line":5,"column":0},"end":{"line":5,"column":37}},"skip":true}},"statementMap":{"1":{"start":{"line":5,"column":0},"end":{"line":5,"column":97},"skip":true},"2":{"start":{"line":5,"column":39},"end":{"line":5,"column":95},"skip":true},"3":{"start":{"line":7,"column":0},"end":{"line":7,"column":34}},"4":{"start":{"line":9,"column":0},"end":{"line":9,"column":49}},"5":{"start":{"line":11,"column":0},"end":{"line":11,"column":36}},"6":{"start":{"line":13,"column":0},"end":{"line":13,"column":51}},"7":{"start":{"line":15,"column":0},"end":{"line":15,"column":58}},"8":{"start":{"line":17,"column":0},"end":{"line":17,"column":69}},"9":{"start":{"line":19,"column":0},"end":{"line":19,"column":58}},"10":{"start":{"line":21,"column":0},"end":{"line":21,"column":67}},"11":{"start":{"line":24,"column":0},"end":{"line":24,"column":97}},"12":{"start":{"line":25,"column":0},"end":{"line":25,"column":100}},"13":{"start":{"line":26,"column":0},"end":{"line":26,"column":98}},"14":{"start":{"line":27,"column":0},"end":{"line":27,"column":99}},"15":{"start":{"line":29,"column":0},"end":{"line":29,"column":43}},"16":{"start":{"line":31,"column":0},"end":{"line":31,"column":41}},"17":{"start":{"line":32,"column":0},"end":{"line":32,"column":47}},"18":{"start":{"line":33,"column":0},"end":{"line":33,"column":45}},"19":{"start":{"line":34,"column":0},"end":{"line":34,"column":43}},"20":{"start":{"line":36,"column":0},"end":{"line":36,"column":24}}},"branchMap":{"1":{"line":5,"type":"cond-expr","locations":[{"start":{"line":5,"column":70},"end":{"line":5,"column":73},"skip":true},{"start":{"line":5,"column":76},"end":{"line":5,"column":94},"skip":true}]},"2":{"line":5,"type":"binary-expr","locations":[{"start":{"line":5,"column":46},"end":{"line":5,"column":49},"skip":true},{"start":{"line":5,"column":53},"end":{"line":5,"column":67},"skip":true}]}}},"/Users/bryannissen/Projects/Personal/project-timesheet/server/auth/local/passport.js":{"path":"/Users/bryannissen/Projects/Personal/project-timesheet/server/auth/local/passport.js","s":{"1":1,"2":1,"3":1,"4":1,"5":1,"6":1,"7":1,"8":1,"9":0,"10":1,"11":1,"12":0,"13":1,"14":0,"15":1,"16":0,"17":1,"18":1,"19":1},"b":{"1":[0,1],"2":[1,1],"3":[0,1],"4":[0,1],"5":[0,1]},"f":{"1":1,"2":1,"3":1,"4":1,"5":0,"6":1,"7":1},"fnMap":{"1":{"name":"_interopRequireDefault","line":5,"loc":{"start":{"line":5,"column":0},"end":{"line":5,"column":37}},"skip":true},"2":{"name":"localAuthenticate","line":13,"loc":{"start":{"line":13,"column":0},"end":{"line":13,"column":56}}},"3":{"name":"(anonymous_3)","line":16,"loc":{"start":{"line":16,"column":10},"end":{"line":16,"column":26}}},"4":{"name":"(anonymous_4)","line":22,"loc":{"start":{"line":22,"column":32},"end":{"line":22,"column":68}}},"5":{"name":"(anonymous_5)","line":34,"loc":{"start":{"line":34,"column":14},"end":{"line":34,"column":29}}},"6":{"name":"(anonymous_6)","line":39,"loc":{"start":{"line":39,"column":16},"end":{"line":39,"column":40}}},"7":{"name":"(anonymous_7)","line":43,"loc":{"start":{"line":43,"column":5},"end":{"line":43,"column":38}}}},"statementMap":{"1":{"start":{"line":5,"column":0},"end":{"line":5,"column":97},"skip":true},"2":{"start":{"line":5,"column":39},"end":{"line":5,"column":95},"skip":true},"3":{"start":{"line":7,"column":0},"end":{"line":7,"column":36}},"4":{"start":{"line":9,"column":0},"end":{"line":9,"column":51}},"5":{"start":{"line":11,"column":0},"end":{"line":11,"column":47}},"6":{"start":{"line":13,"column":0},"end":{"line":37,"column":1}},"7":{"start":{"line":14,"column":2},"end":{"line":36,"column":5}},"8":{"start":{"line":17,"column":4},"end":{"line":21,"column":5}},"9":{"start":{"line":18,"column":6},"end":{"line":20,"column":9}},"10":{"start":{"line":22,"column":4},"end":{"line":33,"column":7}},"11":{"start":{"line":23,"column":6},"end":{"line":25,"column":7}},"12":{"start":{"line":24,"column":8},"end":{"line":24,"column":31}},"13":{"start":{"line":26,"column":6},"end":{"line":32,"column":7}},"14":{"start":{"line":27,"column":8},"end":{"line":29,"column":11}},"15":{"start":{"line":31,"column":8},"end":{"line":31,"column":32}},"16":{"start":{"line":35,"column":4},"end":{"line":35,"column":21}},"17":{"start":{"line":39,"column":0},"end":{"line":46,"column":2}},"18":{"start":{"line":40,"column":2},"end":{"line":45,"column":6}},"19":{"start":{"line":44,"column":4},"end":{"line":44,"column":58}}},"branchMap":{"1":{"line":5,"type":"cond-expr","locations":[{"start":{"line":5,"column":70},"end":{"line":5,"column":73},"skip":true},{"start":{"line":5,"column":76},"end":{"line":5,"column":94},"skip":true}]},"2":{"line":5,"type":"binary-expr","locations":[{"start":{"line":5,"column":46},"end":{"line":5,"column":49},"skip":true},{"start":{"line":5,"column":53},"end":{"line":5,"column":67},"skip":true}]},"3":{"line":17,"type":"if","locations":[{"start":{"line":17,"column":4},"end":{"line":17,"column":4}},{"start":{"line":17,"column":4},"end":{"line":17,"column":4}}]},"4":{"line":23,"type":"if","locations":[{"start":{"line":23,"column":6},"end":{"line":23,"column":6}},{"start":{"line":23,"column":6},"end":{"line":23,"column":6}}]},"5":{"line":26,"type":"if","locations":[{"start":{"line":26,"column":6},"end":{"line":26,"column":6}},{"start":{"line":26,"column":6},"end":{"line":26,"column":6}}]}}},"/Users/bryannissen/Projects/Personal/project-timesheet/server/auth/facebook/passport.js":{"path":"/Users/bryannissen/Projects/Personal/project-timesheet/server/auth/facebook/passport.js","s":{"1":1,"2":1,"3":1,"4":1,"5":1,"6":1,"7":1,"8":0,"9":0,"10":0,"11":0,"12":0,"13":0,"14":0,"15":0},"b":{"1":[0,1],"2":[1,1],"3":[0,0]},"f":{"1":1,"2":1,"3":0,"4":0,"5":0,"6":0,"7":0},"fnMap":{"1":{"name":"_interopRequireDefault","line":5,"loc":{"start":{"line":5,"column":0},"end":{"line":5,"column":37}},"skip":true},"2":{"name":"(anonymous_2)","line":13,"loc":{"start":{"line":13,"column":16},"end":{"line":13,"column":40}}},"3":{"name":"(anonymous_3)","line":19,"loc":{"start":{"line":19,"column":5},"end":{"line":19,"column":57}}},"4":{"name":"(anonymous_4)","line":22,"loc":{"start":{"line":22,"column":12},"end":{"line":22,"column":28}}},"5":{"name":"(anonymous_5)","line":31,"loc":{"start":{"line":31,"column":30},"end":{"line":31,"column":46}}},"6":{"name":"(anonymous_6)","line":33,"loc":{"start":{"line":33,"column":20},"end":{"line":33,"column":35}}},"7":{"name":"(anonymous_7)","line":39,"loc":{"start":{"line":39,"column":16},"end":{"line":39,"column":31}}}},"statementMap":{"1":{"start":{"line":5,"column":0},"end":{"line":5,"column":97},"skip":true},"2":{"start":{"line":5,"column":39},"end":{"line":5,"column":95},"skip":true},"3":{"start":{"line":7,"column":0},"end":{"line":7,"column":36}},"4":{"start":{"line":9,"column":0},"end":{"line":9,"column":51}},"5":{"start":{"line":11,"column":0},"end":{"line":11,"column":53}},"6":{"start":{"line":13,"column":0},"end":{"line":43,"column":2}},"7":{"start":{"line":14,"column":2},"end":{"line":42,"column":6}},"8":{"start":{"line":20,"column":4},"end":{"line":41,"column":7}},"9":{"start":{"line":23,"column":6},"end":{"line":38,"column":7}},"10":{"start":{"line":24,"column":8},"end":{"line":30,"column":11}},"11":{"start":{"line":31,"column":8},"end":{"line":35,"column":11}},"12":{"start":{"line":32,"column":10},"end":{"line":32,"column":34}},"13":{"start":{"line":34,"column":10},"end":{"line":34,"column":27}},"14":{"start":{"line":37,"column":8},"end":{"line":37,"column":32}},"15":{"start":{"line":40,"column":6},"end":{"line":40,"column":23}}},"branchMap":{"1":{"line":5,"type":"cond-expr","locations":[{"start":{"line":5,"column":70},"end":{"line":5,"column":73},"skip":true},{"start":{"line":5,"column":76},"end":{"line":5,"column":94},"skip":true}]},"2":{"line":5,"type":"binary-expr","locations":[{"start":{"line":5,"column":46},"end":{"line":5,"column":49},"skip":true},{"start":{"line":5,"column":53},"end":{"line":5,"column":67},"skip":true}]},"3":{"line":23,"type":"if","locations":[{"start":{"line":23,"column":6},"end":{"line":23,"column":6}},{"start":{"line":23,"column":6},"end":{"line":23,"column":6}}]}}},"/Users/bryannissen/Projects/Personal/project-timesheet/server/auth/google/passport.js":{"path":"/Users/bryannissen/Projects/Personal/project-timesheet/server/auth/google/passport.js","s":{"1":1,"2":1,"3":1,"4":1,"5":1,"6":1,"7":1,"8":0,"9":0,"10":0,"11":0,"12":0,"13":0,"14":0,"15":0},"b":{"1":[0,1],"2":[1,1],"3":[0,0]},"f":{"1":1,"2":1,"3":0,"4":0,"5":0,"6":0,"7":0},"fnMap":{"1":{"name":"_interopRequireDefault","line":5,"loc":{"start":{"line":5,"column":0},"end":{"line":5,"column":37}},"skip":true},"2":{"name":"(anonymous_2)","line":13,"loc":{"start":{"line":13,"column":16},"end":{"line":13,"column":40}}},"3":{"name":"(anonymous_3)","line":18,"loc":{"start":{"line":18,"column":5},"end":{"line":18,"column":57}}},"4":{"name":"(anonymous_4)","line":21,"loc":{"start":{"line":21,"column":12},"end":{"line":21,"column":28}}},"5":{"name":"(anonymous_5)","line":31,"loc":{"start":{"line":31,"column":30},"end":{"line":31,"column":46}}},"6":{"name":"(anonymous_6)","line":33,"loc":{"start":{"line":33,"column":20},"end":{"line":33,"column":35}}},"7":{"name":"(anonymous_7)","line":39,"loc":{"start":{"line":39,"column":16},"end":{"line":39,"column":31}}}},"statementMap":{"1":{"start":{"line":5,"column":0},"end":{"line":5,"column":97},"skip":true},"2":{"start":{"line":5,"column":39},"end":{"line":5,"column":95},"skip":true},"3":{"start":{"line":7,"column":0},"end":{"line":7,"column":36}},"4":{"start":{"line":9,"column":0},"end":{"line":9,"column":51}},"5":{"start":{"line":11,"column":0},"end":{"line":11,"column":60}},"6":{"start":{"line":13,"column":0},"end":{"line":43,"column":2}},"7":{"start":{"line":14,"column":2},"end":{"line":42,"column":6}},"8":{"start":{"line":19,"column":4},"end":{"line":41,"column":7}},"9":{"start":{"line":22,"column":6},"end":{"line":38,"column":7}},"10":{"start":{"line":23,"column":8},"end":{"line":30,"column":11}},"11":{"start":{"line":31,"column":8},"end":{"line":35,"column":11}},"12":{"start":{"line":32,"column":10},"end":{"line":32,"column":34}},"13":{"start":{"line":34,"column":10},"end":{"line":34,"column":27}},"14":{"start":{"line":37,"column":8},"end":{"line":37,"column":32}},"15":{"start":{"line":40,"column":6},"end":{"line":40,"column":23}}},"branchMap":{"1":{"line":5,"type":"cond-expr","locations":[{"start":{"line":5,"column":70},"end":{"line":5,"column":73},"skip":true},{"start":{"line":5,"column":76},"end":{"line":5,"column":94},"skip":true}]},"2":{"line":5,"type":"binary-expr","locations":[{"start":{"line":5,"column":46},"end":{"line":5,"column":49},"skip":true},{"start":{"line":5,"column":53},"end":{"line":5,"column":67},"skip":true}]},"3":{"line":22,"type":"if","locations":[{"start":{"line":22,"column":6},"end":{"line":22,"column":6}},{"start":{"line":22,"column":6},"end":{"line":22,"column":6}}]}}},"/Users/bryannissen/Projects/Personal/project-timesheet/server/auth/twitter/passport.js":{"path":"/Users/bryannissen/Projects/Personal/project-timesheet/server/auth/twitter/passport.js","s":{"1":1,"2":1,"3":1,"4":1,"5":1,"6":1,"7":1,"8":0,"9":0,"10":0,"11":0,"12":0,"13":0,"14":0,"15":0},"b":{"1":[0,1],"2":[1,1],"3":[0,0]},"f":{"1":1,"2":1,"3":0,"4":0,"5":0,"6":0,"7":0},"fnMap":{"1":{"name":"_interopRequireDefault","line":5,"loc":{"start":{"line":5,"column":0},"end":{"line":5,"column":37}},"skip":true},"2":{"name":"(anonymous_2)","line":13,"loc":{"start":{"line":13,"column":16},"end":{"line":13,"column":40}}},"3":{"name":"(anonymous_3)","line":18,"loc":{"start":{"line":18,"column":5},"end":{"line":18,"column":50}}},"4":{"name":"(anonymous_4)","line":21,"loc":{"start":{"line":21,"column":12},"end":{"line":21,"column":28}}},"5":{"name":"(anonymous_5)","line":30,"loc":{"start":{"line":30,"column":30},"end":{"line":30,"column":46}}},"6":{"name":"(anonymous_6)","line":32,"loc":{"start":{"line":32,"column":20},"end":{"line":32,"column":35}}},"7":{"name":"(anonymous_7)","line":38,"loc":{"start":{"line":38,"column":16},"end":{"line":38,"column":31}}}},"statementMap":{"1":{"start":{"line":5,"column":0},"end":{"line":5,"column":97},"skip":true},"2":{"start":{"line":5,"column":39},"end":{"line":5,"column":95},"skip":true},"3":{"start":{"line":7,"column":0},"end":{"line":7,"column":36}},"4":{"start":{"line":9,"column":0},"end":{"line":9,"column":51}},"5":{"start":{"line":11,"column":0},"end":{"line":11,"column":51}},"6":{"start":{"line":13,"column":0},"end":{"line":42,"column":2}},"7":{"start":{"line":14,"column":2},"end":{"line":41,"column":6}},"8":{"start":{"line":19,"column":4},"end":{"line":40,"column":7}},"9":{"start":{"line":22,"column":6},"end":{"line":37,"column":7}},"10":{"start":{"line":23,"column":8},"end":{"line":29,"column":11}},"11":{"start":{"line":30,"column":8},"end":{"line":34,"column":11}},"12":{"start":{"line":31,"column":10},"end":{"line":31,"column":34}},"13":{"start":{"line":33,"column":10},"end":{"line":33,"column":27}},"14":{"start":{"line":36,"column":8},"end":{"line":36,"column":32}},"15":{"start":{"line":39,"column":6},"end":{"line":39,"column":23}}},"branchMap":{"1":{"line":5,"type":"cond-expr","locations":[{"start":{"line":5,"column":70},"end":{"line":5,"column":73},"skip":true},{"start":{"line":5,"column":76},"end":{"line":5,"column":94},"skip":true}]},"2":{"line":5,"type":"binary-expr","locations":[{"start":{"line":5,"column":46},"end":{"line":5,"column":49},"skip":true},{"start":{"line":5,"column":53},"end":{"line":5,"column":67},"skip":true}]},"3":{"line":22,"type":"if","locations":[{"start":{"line":22,"column":6},"end":{"line":22,"column":6}},{"start":{"line":22,"column":6},"end":{"line":22,"column":6}}]}}},"/Users/bryannissen/Projects/Personal/project-timesheet/server/auth/local/index.js":{"path":"/Users/bryannissen/Projects/Personal/project-timesheet/server/auth/local/index.js","s":{"1":1,"2":3,"3":1,"4":1,"5":1,"6":1,"7":1,"8":1,"9":1,"10":1,"11":1,"12":1,"13":1,"14":0,"15":1,"16":0,"17":1,"18":1,"19":1},"b":{"1":[0,3],"2":[3,3],"3":[1,1],"4":[0,1],"5":[0,1]},"f":{"1":3,"2":1,"3":1},"fnMap":{"1":{"name":"_interopRequireDefault","line":5,"loc":{"start":{"line":5,"column":0},"end":{"line":5,"column":37}},"skip":true},"2":{"name":"(anonymous_2)","line":21,"loc":{"start":{"line":21,"column":17},"end":{"line":21,"column":43}}},"3":{"name":"(anonymous_3)","line":22,"loc":{"start":{"line":22,"column":46},"end":{"line":22,"column":73}}}},"statementMap":{"1":{"start":{"line":5,"column":0},"end":{"line":5,"column":97},"skip":true},"2":{"start":{"line":5,"column":39},"end":{"line":5,"column":95},"skip":true},"3":{"start":{"line":7,"column":0},"end":{"line":7,"column":34}},"4":{"start":{"line":9,"column":0},"end":{"line":9,"column":49}},"5":{"start":{"line":11,"column":0},"end":{"line":11,"column":36}},"6":{"start":{"line":13,"column":0},"end":{"line":13,"column":51}},"7":{"start":{"line":15,"column":0},"end":{"line":15,"column":46}},"8":{"start":{"line":17,"column":0},"end":{"line":17,"column":57}},"9":{"start":{"line":19,"column":0},"end":{"line":19,"column":43}},"10":{"start":{"line":21,"column":0},"end":{"line":34,"column":3}},"11":{"start":{"line":22,"column":2},"end":{"line":33,"column":21}},"12":{"start":{"line":23,"column":4},"end":{"line":23,"column":28}},"13":{"start":{"line":24,"column":4},"end":{"line":26,"column":5}},"14":{"start":{"line":25,"column":6},"end":{"line":25,"column":41}},"15":{"start":{"line":27,"column":4},"end":{"line":29,"column":5}},"16":{"start":{"line":28,"column":6},"end":{"line":28,"column":90}},"17":{"start":{"line":31,"column":4},"end":{"line":31,"column":72}},"18":{"start":{"line":32,"column":4},"end":{"line":32,"column":31}},"19":{"start":{"line":36,"column":0},"end":{"line":36,"column":24}}},"branchMap":{"1":{"line":5,"type":"cond-expr","locations":[{"start":{"line":5,"column":70},"end":{"line":5,"column":73},"skip":true},{"start":{"line":5,"column":76},"end":{"line":5,"column":94},"skip":true}]},"2":{"line":5,"type":"binary-expr","locations":[{"start":{"line":5,"column":46},"end":{"line":5,"column":49},"skip":true},{"start":{"line":5,"column":53},"end":{"line":5,"column":67},"skip":true}]},"3":{"line":23,"type":"binary-expr","locations":[{"start":{"line":23,"column":16},"end":{"line":23,"column":19}},{"start":{"line":23,"column":23},"end":{"line":23,"column":27}}]},"4":{"line":24,"type":"if","locations":[{"start":{"line":24,"column":4},"end":{"line":24,"column":4}},{"start":{"line":24,"column":4},"end":{"line":24,"column":4}}]},"5":{"line":27,"type":"if","locations":[{"start":{"line":27,"column":4},"end":{"line":27,"column":4}},{"start":{"line":27,"column":4},"end":{"line":27,"column":4}}]}}},"/Users/bryannissen/Projects/Personal/project-timesheet/server/auth/facebook/index.js":{"path":"/Users/bryannissen/Projects/Personal/project-timesheet/server/auth/facebook/index.js","s":{"1":1,"2":3,"3":1,"4":1,"5":1,"6":1,"7":1,"8":1,"9":1,"10":1,"11":1},"b":{"1":[0,3],"2":[3,3]},"f":{"1":3},"fnMap":{"1":{"name":"_interopRequireDefault","line":5,"loc":{"start":{"line":5,"column":0},"end":{"line":5,"column":37}},"skip":true}},"statementMap":{"1":{"start":{"line":5,"column":0},"end":{"line":5,"column":97},"skip":true},"2":{"start":{"line":5,"column":39},"end":{"line":5,"column":95},"skip":true},"3":{"start":{"line":7,"column":0},"end":{"line":7,"column":34}},"4":{"start":{"line":9,"column":0},"end":{"line":9,"column":49}},"5":{"start":{"line":11,"column":0},"end":{"line":11,"column":36}},"6":{"start":{"line":13,"column":0},"end":{"line":13,"column":51}},"7":{"start":{"line":15,"column":0},"end":{"line":15,"column":46}},"8":{"start":{"line":17,"column":0},"end":{"line":17,"column":57}},"9":{"start":{"line":19,"column":0},"end":{"line":19,"column":43}},"10":{"start":{"line":21,"column":0},"end":{"line":28,"column":45}},"11":{"start":{"line":30,"column":0},"end":{"line":30,"column":24}}},"branchMap":{"1":{"line":5,"type":"cond-expr","locations":[{"start":{"line":5,"column":70},"end":{"line":5,"column":73},"skip":true},{"start":{"line":5,"column":76},"end":{"line":5,"column":94},"skip":true}]},"2":{"line":5,"type":"binary-expr","locations":[{"start":{"line":5,"column":46},"end":{"line":5,"column":49},"skip":true},{"start":{"line":5,"column":53},"end":{"line":5,"column":67},"skip":true}]}}},"/Users/bryannissen/Projects/Personal/project-timesheet/server/auth/twitter/index.js":{"path":"/Users/bryannissen/Projects/Personal/project-timesheet/server/auth/twitter/index.js","s":{"1":1,"2":3,"3":1,"4":1,"5":1,"6":1,"7":1,"8":1,"9":1,"10":1,"11":1},"b":{"1":[0,3],"2":[3,3]},"f":{"1":3},"fnMap":{"1":{"name":"_interopRequireDefault","line":5,"loc":{"start":{"line":5,"column":0},"end":{"line":5,"column":37}},"skip":true}},"statementMap":{"1":{"start":{"line":5,"column":0},"end":{"line":5,"column":97},"skip":true},"2":{"start":{"line":5,"column":39},"end":{"line":5,"column":95},"skip":true},"3":{"start":{"line":7,"column":0},"end":{"line":7,"column":34}},"4":{"start":{"line":9,"column":0},"end":{"line":9,"column":49}},"5":{"start":{"line":11,"column":0},"end":{"line":11,"column":36}},"6":{"start":{"line":13,"column":0},"end":{"line":13,"column":51}},"7":{"start":{"line":15,"column":0},"end":{"line":15,"column":46}},"8":{"start":{"line":17,"column":0},"end":{"line":17,"column":57}},"9":{"start":{"line":19,"column":0},"end":{"line":19,"column":43}},"10":{"start":{"line":21,"column":0},"end":{"line":27,"column":45}},"11":{"start":{"line":29,"column":0},"end":{"line":29,"column":24}}},"branchMap":{"1":{"line":5,"type":"cond-expr","locations":[{"start":{"line":5,"column":70},"end":{"line":5,"column":73},"skip":true},{"start":{"line":5,"column":76},"end":{"line":5,"column":94},"skip":true}]},"2":{"line":5,"type":"binary-expr","locations":[{"start":{"line":5,"column":46},"end":{"line":5,"column":49},"skip":true},{"start":{"line":5,"column":53},"end":{"line":5,"column":67},"skip":true}]}}},"/Users/bryannissen/Projects/Personal/project-timesheet/server/auth/google/index.js":{"path":"/Users/bryannissen/Projects/Personal/project-timesheet/server/auth/google/index.js","s":{"1":1,"2":3,"3":1,"4":1,"5":1,"6":1,"7":1,"8":1,"9":1,"10":1,"11":1},"b":{"1":[0,3],"2":[3,3]},"f":{"1":3},"fnMap":{"1":{"name":"_interopRequireDefault","line":5,"loc":{"start":{"line":5,"column":0},"end":{"line":5,"column":37}},"skip":true}},"statementMap":{"1":{"start":{"line":5,"column":0},"end":{"line":5,"column":97},"skip":true},"2":{"start":{"line":5,"column":39},"end":{"line":5,"column":95},"skip":true},"3":{"start":{"line":7,"column":0},"end":{"line":7,"column":34}},"4":{"start":{"line":9,"column":0},"end":{"line":9,"column":49}},"5":{"start":{"line":11,"column":0},"end":{"line":11,"column":36}},"6":{"start":{"line":13,"column":0},"end":{"line":13,"column":51}},"7":{"start":{"line":15,"column":0},"end":{"line":15,"column":46}},"8":{"start":{"line":17,"column":0},"end":{"line":17,"column":57}},"9":{"start":{"line":19,"column":0},"end":{"line":19,"column":43}},"10":{"start":{"line":21,"column":0},"end":{"line":28,"column":45}},"11":{"start":{"line":30,"column":0},"end":{"line":30,"column":24}}},"branchMap":{"1":{"line":5,"type":"cond-expr","locations":[{"start":{"line":5,"column":70},"end":{"line":5,"column":73},"skip":true},{"start":{"line":5,"column":76},"end":{"line":5,"column":94},"skip":true}]},"2":{"line":5,"type":"binary-expr","locations":[{"start":{"line":5,"column":46},"end":{"line":5,"column":49},"skip":true},{"start":{"line":5,"column":53},"end":{"line":5,"column":67},"skip":true}]}}}}